#
# A fatal error has been detected by the Java Runtime Environment:
#
#  EXCEPTION_ACCESS_VIOLATION (0xc0000005) at pc=0x00007ffba590c991, pid=2960, tid=12076
#
# JRE version: OpenJDK Runtime Environment AdoptOpenJDK-11.0.11+9 (11.0.11+9) (build 11.0.11+9)
# Java VM: OpenJDK 64-Bit Server VM AdoptOpenJDK-11.0.11+9 (11.0.11+9, mixed mode, tiered, compressed oops, g1 gc, windows-amd64)
# Problematic frame:
# C  [ig9icd64.dll+0x7c991]
#
# No core dump will be written. Minidumps are not enabled by default on client versions of Windows
#
# If you would like to submit a bug report, please visit:
#   https://github.com/AdoptOpenJDK/openjdk-support/issues
# The crash happened outside the Java Virtual Machine in native code.
# See problematic frame for where to report the bug.
#

---------------  S U M M A R Y ------------

Command Line: -agentlib:jdwp=transport=dt_socket,address=127.0.0.1:62084,suspend=y,server=n -javaagent:C:\Users\alex\AppData\Local\JetBrains\IntelliJIdea2021.2\captureAgent\debugger-agent.jar -Dfile.encoding=UTF-8 projekt.Projekt

Host: Intel(R) Core(TM) i7-9750H CPU @ 2.60GHz, 12 cores, 15G,  Windows 10 , 64 bit Build 22000 (10.0.22000.708)
Time: Thu Jun 30 12:16:14 2022 Mitteleuropäische Sommerzeit elapsed time: 14.548472 seconds (0d 0h 0m 14s)

---------------  T H R E A D  ---------------

Current thread (0x000002003a9f0000):  JavaThread "main" [_thread_in_native, id=12076, stack(0x0000006083600000,0x0000006083700000)]

Stack: [0x0000006083600000,0x0000006083700000],  sp=0x00000060836fe250,  free space=1016k
Native frames: (J=compiled Java code, j=interpreted, Vv=VM code, C=native code)
C  [ig9icd64.dll+0x7c991]

Java frames: (J=compiled Java code, j=interpreted, Vv=VM code)
j  org.lwjgl.opengl.GL11C.nglTexImage2D(IIIIIIIIJ)V+0
j  org.lwjgl.opengl.GL11C.glTexImage2D(IIIIIIIILjava/nio/ByteBuffer;)V+17
j  org.lwjgl.opengl.GL11.glTexImage2D(IIIIIIIILjava/nio/ByteBuffer;)V+14
j  projekt.Texture.<init>(Ljava/lang/String;[FLprojekt/util/VaoProgram;Llenz/opengl/ShaderProgram;)V+215
j  projekt.HandmadePyramid.init()V+1116
j  projekt.HandmadePyramid.<init>(Llenz/opengl/ShaderProgram;)V+6
j  projekt.Projekt.init()V+50
j  lenz.opengl.AbstractOpenGLBase.start(Ljava/lang/String;II)V+45
j  projekt.Projekt.main([Ljava/lang/String;)V+15
v  ~StubRoutines::call_stub

siginfo: EXCEPTION_ACCESS_VIOLATION (0xc0000005), reading address 0x0000020065e0b000


Register to memory mapping:

RIP=0x00007ffba590c991 ig9icd64.dll
RAX=0x0000000000001023 is an unknown value
RBX=0x0000020061590000 points into unknown readable memory: 0xff00ff06ff00ff06 | 06 ff 00 ff 06 ff 00 ff
RCX=0x0 is NULL
RDX=0x0000020065e0afd0 points into unknown readable memory: 0x3feff7cee0000000 | 00 00 00 e0 ce f7 ef 3f
RSP=0x00000060836fe250 is pointing into the stack for thread: 0x000002003a9f0000
RBP=0x00000060836fe380 is pointing into the stack for thread: 0x000002003a9f0000
RSI=0x0000020061590000 points into unknown readable memory: 0xff00ff06ff00ff06 | 06 ff 00 ff 06 ff 00 ff
RDI=0x0000020061611180 points into unknown readable memory: 0x0000000000000000 | 00 00 00 00 00 00 00 00
R8 =0x0000000000300000 is an unknown value
R9 =0x0000000000006000 is an unknown value
R10=0x0000000000001024 is an unknown value
R11=0x00000200656facd4 points into unknown readable memory: 00 00 00 00
R12=0x00007ffba5890000 ig9icd64.dll
R13=0x00000000000001c1 is an unknown value
R14=0x00000060836fe470 is pointing into the stack for thread: 0x000002003a9f0000
R15=0x0 is NULL


Registers:
RAX=0x0000000000001023, RBX=0x0000020061590000, RCX=0x0000000000000000, RDX=0x0000020065e0afd0
RSP=0x00000060836fe250, RBP=0x00000060836fe380, RSI=0x0000020061590000, RDI=0x0000020061611180
R8 =0x0000000000300000, R9 =0x0000000000006000, R10=0x0000000000001024, R11=0x00000200656facd4
R12=0x00007ffba5890000, R13=0x00000000000001c1, R14=0x00000060836fe470, R15=0x0000000000000000
RIP=0x00007ffba590c991, EFLAGS=0x0000000000010207

Top of Stack: (sp=0x00000060836fe250)
0x00000060836fe250:   0000000000000000 0000000000000000
0x00000060836fe260:   0000000000000000 0000000000000000
0x00000060836fe270:   0000020065d89e50 00007ffba62793cb
0x00000060836fe280:   0000000000000001 00000060836fe380
0x00000060836fe290:   0000020065d89e50 0000000000000000
0x00000060836fe2a0:   000002006595002a 00007ffb00000001
0x00000060836fe2b0:   0000020065d89e50 000002005fb02a00
0x00000060836fe2c0:   000002005fb88650 0000000000000002
0x00000060836fe2d0:   00007ffba658fcd0 00000200656e1e40
0x00000060836fe2e0:   0000040000000400 0000002a00000000
0x00000060836fe2f0:   00000c0000000003 0000020065d89e50
0x00000060836fe300:   000000036571002a 0000006000000c00
0x00000060836fe310:   0000020061590000 00007ffba58daae5
0x00000060836fe320:   000002005fb02a60 00000060836fe3a0
0x00000060836fe330:   000002006569df30 00000060836fe3a0
0x00000060836fe340:   00000060836fe3f0 000002005faeb500 

Instructions: (pc=0x00007ffba590c991)
0x00007ffba590c891:   f3 0f 6f 02 49 03 d1 66 0f f7 c1 49 03 f9 41 8b
0x00007ffba590c8a1:   c1 44 8b d1 4c 2b c0 0f 29 74 24 10 4d 8b c8 0f
0x00007ffba590c8b1:   29 3c 24 49 c1 e9 07 f6 c2 0f 0f 84 af 00 00 00
0x00007ffba590c8c1:   4d 85 c9 74 6b 66 66 0f 1f 84 00 00 00 00 00 f3
0x00007ffba590c8d1:   0f 6f 02 41 ff c2 f3 0f 6f 4a 10 41 8b c2 f3 0f
0x00007ffba590c8e1:   6f 52 20 f3 0f 6f 5a 30 f3 0f 6f 62 40 f3 0f 6f
0x00007ffba590c8f1:   6a 50 f3 0f 6f 72 60 f3 0f 6f 7a 70 66 0f e7 07
0x00007ffba590c901:   66 0f e7 4f 10 66 0f e7 57 20 66 0f e7 5f 30 66
0x00007ffba590c911:   0f e7 67 40 66 0f e7 6f 50 66 0f e7 77 60 66 0f
0x00007ffba590c921:   e7 7f 70 48 83 ef 80 48 83 ea 80 49 3b c1 72 9f
0x00007ffba590c931:   41 83 e0 7f 0f 84 e0 00 00 00 45 8b d0 44 8b c9
0x00007ffba590c941:   49 c1 ea 04 4d 85 d2 0f 84 cd 00 00 00 66 90 f3
0x00007ffba590c951:   0f 6f 02 41 ff c1 48 83 c2 10 41 8b c1 66 0f e7
0x00007ffba590c961:   07 48 83 c7 10 49 3b c2 72 e5 e9 ab 00 00 00 4d
0x00007ffba590c971:   85 c9 74 6c 66 66 66 0f 1f 84 00 00 00 00 00 f3
0x00007ffba590c981:   0f 6f 02 41 ff c2 f3 0f 6f 4a 10 f3 0f 6f 52 20
0x00007ffba590c991:   f3 0f 6f 5a 30 f3 0f 6f 62 40 f3 0f 6f 6a 50 f3
0x00007ffba590c9a1:   0f 6f 72 60 f3 0f 6f 7a 70 48 83 ea 80 66 0f e7
0x00007ffba590c9b1:   07 66 0f e7 4f 10 66 0f e7 57 20 66 0f e7 5f 30
0x00007ffba590c9c1:   66 0f e7 67 40 66 0f e7 6f 50 66 0f e7 77 60 66
0x00007ffba590c9d1:   0f e7 7f 70 48 83 ef 80 41 8b c2 49 3b c1 72 9f
0x00007ffba590c9e1:   41 83 e0 7f 74 34 45 8b d0 44 8b c9 49 c1 ea 04
0x00007ffba590c9f1:   4d 85 d2 74 25 66 66 0f 1f 84 00 00 00 00 00 f3
0x00007ffba590ca01:   0f 6f 02 41 ff c1 66 0f e7 07 48 83 c7 10 41 8b
0x00007ffba590ca11:   c1 48 83 c2 10 49 3b c2 72 e5 0f 28 74 24 10 0f
0x00007ffba590ca21:   28 3c 24 41 83 e0 0f 74 49 45 8b d0 44 8b c9 49
0x00007ffba590ca31:   c1 ea 02 4d 85 d2 74 1e 0f 1f 80 00 00 00 00 8b
0x00007ffba590ca41:   02 41 ff c1 89 07 48 83 c2 04 48 83 c7 04 41 8b
0x00007ffba590ca51:   c1 49 3b c2 72 e9 41 83 e0 03 76 16 48 2b d7 0f
0x00007ffba590ca61:   b6 04 3a ff c1 88 07 48 8d 7f 01 8b c1 49 3b c0
0x00007ffba590ca71:   72 ed 48 83 c4 20 5f c3 cc cc cc cc cc cc cc 40
0x00007ffba590ca81:   53 48 83 ec 20 48 8b da 48 8b d1 48 8b 0b 48 85 


Stack slot to memory mapping:
stack at sp + 0 slots: 0x0 is NULL
stack at sp + 1 slots: 0x0 is NULL
stack at sp + 2 slots: 0x0 is NULL
stack at sp + 3 slots: 0x0 is NULL
stack at sp + 4 slots: 0x0000020065d89e50 points into unknown readable memory: 0xff00ff06ff00ff06 | 06 ff 00 ff 06 ff 00 ff
stack at sp + 5 slots: 0x00007ffba62793cb ig9icd64.dll
stack at sp + 6 slots: 0x0000000000000001 is an unknown value
stack at sp + 7 slots: 0x00000060836fe380 is pointing into the stack for thread: 0x000002003a9f0000


---------------  P R O C E S S  ---------------

Threads class SMR info:
_java_thread_list=0x000002006599ebe0, length=13, elements={
0x000002003a9f0000, 0x000002005e9a1000, 0x000002005e9a2000, 0x000002005f294800,
0x000002005f295000, 0x000002005f299000, 0x000002005f29c800, 0x000002005f29d800,
0x000002005f2a2000, 0x000002005e94d000, 0x000002005f59e800, 0x000002005f5a4000,
0x000002005f76d800
}

Java Threads: ( => current thread )
=>0x000002003a9f0000 JavaThread "main" [_thread_in_native, id=12076, stack(0x0000006083600000,0x0000006083700000)]
  0x000002005e9a1000 JavaThread "Reference Handler" daemon [_thread_blocked, id=18308, stack(0x0000006083d00000,0x0000006083e00000)]
  0x000002005e9a2000 JavaThread "Finalizer" daemon [_thread_blocked, id=19472, stack(0x0000006083e00000,0x0000006083f00000)]
  0x000002005f294800 JavaThread "Signal Dispatcher" daemon [_thread_blocked, id=19592, stack(0x0000006083f00000,0x0000006084000000)]
  0x000002005f295000 JavaThread "Attach Listener" daemon [_thread_blocked, id=18968, stack(0x0000006084000000,0x0000006084100000)]
  0x000002005f299000 JavaThread "Service Thread" daemon [_thread_blocked, id=22656, stack(0x0000006084100000,0x0000006084200000)]
  0x000002005f29c800 JavaThread "C2 CompilerThread0" daemon [_thread_blocked, id=17076, stack(0x0000006084200000,0x0000006084300000)]
  0x000002005f29d800 JavaThread "C1 CompilerThread0" daemon [_thread_blocked, id=13368, stack(0x0000006084300000,0x0000006084400000)]
  0x000002005f2a2000 JavaThread "Sweeper thread" daemon [_thread_blocked, id=12752, stack(0x0000006084400000,0x0000006084500000)]
  0x000002005e94d000 JavaThread "Common-Cleaner" daemon [_thread_blocked, id=19828, stack(0x0000006084500000,0x0000006084600000)]
  0x000002005f59e800 JavaThread "JDWP Transport Listener: dt_socket" daemon [_thread_blocked, id=22372, stack(0x0000006084700000,0x0000006084800000)]
  0x000002005f5a4000 JavaThread "JDWP Event Helper Thread" daemon [_thread_blocked, id=8484, stack(0x0000006084800000,0x0000006084900000)]
  0x000002005f76d800 JavaThread "JDWP Command Reader" daemon [_thread_in_native, id=23844, stack(0x0000006084900000,0x0000006084a00000)]

Other Threads:
  0x000002005e98e000 VMThread "VM Thread" [stack: 0x0000006083c00000,0x0000006083d00000] [id=22388]
  0x000002005f790800 WatcherThread [stack: 0x0000006084a00000,0x0000006084b00000] [id=20680]
  0x000002003aa09000 GCTaskThread "GC Thread#0" [stack: 0x0000006083700000,0x0000006083800000] [id=12696]
  0x000002003aa68000 ConcurrentGCThread "G1 Main Marker" [stack: 0x0000006083800000,0x0000006083900000] [id=2696]
  0x000002003aa69800 ConcurrentGCThread "G1 Conc#0" [stack: 0x0000006083900000,0x0000006083a00000] [id=28080]
  0x000002005e87a000 ConcurrentGCThread "G1 Refine#0" [stack: 0x0000006083a00000,0x0000006083b00000] [id=24932]
  0x000002005e87b000 ConcurrentGCThread "G1 Young RemSet Sampling" [stack: 0x0000006083b00000,0x0000006083c00000] [id=7340]

Threads with active compile tasks:

VM state:not at safepoint (normal execution)

VM Mutex/Monitor currently owned by a thread: None

Heap address: 0x0000000704200000, size: 4030 MB, Compressed Oops mode: Zero based, Oop shift amount: 3
Narrow klass base: 0x0000000800000000, Narrow klass shift: 0
Compressed class space size: 1073741824 Address: 0x0000000800000000

Heap:
 garbage-first heap   total 258048K, used 19456K [0x0000000704200000, 0x0000000800000000)
  region size 1024K, 21 young (21504K), 0 survivors (0K)
 Metaspace       used 11230K, capacity 11505K, committed 11776K, reserved 1060864K
  class space    used 866K, capacity 951K, committed 1024K, reserved 1048576K
Heap Regions: E=young(eden), S=young(survivor), O=old, HS=humongous(starts), HC=humongous(continues), CS=collection set, F=free, A=archive, TAMS=top-at-mark-start (previous, next)
|   0|0x0000000704200000, 0x0000000704200000, 0x0000000704300000|  0%| F|  |TAMS 0x0000000704200000, 0x0000000704200000| Untracked 
|   1|0x0000000704300000, 0x0000000704300000, 0x0000000704400000|  0%| F|  |TAMS 0x0000000704300000, 0x0000000704300000| Untracked 
|   2|0x0000000704400000, 0x0000000704400000, 0x0000000704500000|  0%| F|  |TAMS 0x0000000704400000, 0x0000000704400000| Untracked 
|   3|0x0000000704500000, 0x0000000704500000, 0x0000000704600000|  0%| F|  |TAMS 0x0000000704500000, 0x0000000704500000| Untracked 
|   4|0x0000000704600000, 0x0000000704600000, 0x0000000704700000|  0%| F|  |TAMS 0x0000000704600000, 0x0000000704600000| Untracked 
|   5|0x0000000704700000, 0x0000000704700000, 0x0000000704800000|  0%| F|  |TAMS 0x0000000704700000, 0x0000000704700000| Untracked 
|   6|0x0000000704800000, 0x0000000704800000, 0x0000000704900000|  0%| F|  |TAMS 0x0000000704800000, 0x0000000704800000| Untracked 
|   7|0x0000000704900000, 0x0000000704900000, 0x0000000704a00000|  0%| F|  |TAMS 0x0000000704900000, 0x0000000704900000| Untracked 
|   8|0x0000000704a00000, 0x0000000704a00000, 0x0000000704b00000|  0%| F|  |TAMS 0x0000000704a00000, 0x0000000704a00000| Untracked 
|   9|0x0000000704b00000, 0x0000000704b00000, 0x0000000704c00000|  0%| F|  |TAMS 0x0000000704b00000, 0x0000000704b00000| Untracked 
|  10|0x0000000704c00000, 0x0000000704c00000, 0x0000000704d00000|  0%| F|  |TAMS 0x0000000704c00000, 0x0000000704c00000| Untracked 
|  11|0x0000000704d00000, 0x0000000704d00000, 0x0000000704e00000|  0%| F|  |TAMS 0x0000000704d00000, 0x0000000704d00000| Untracked 
|  12|0x0000000704e00000, 0x0000000704e00000, 0x0000000704f00000|  0%| F|  |TAMS 0x0000000704e00000, 0x0000000704e00000| Untracked 
|  13|0x0000000704f00000, 0x0000000704f00000, 0x0000000705000000|  0%| F|  |TAMS 0x0000000704f00000, 0x0000000704f00000| Untracked 
|  14|0x0000000705000000, 0x0000000705000000, 0x0000000705100000|  0%| F|  |TAMS 0x0000000705000000, 0x0000000705000000| Untracked 
|  15|0x0000000705100000, 0x0000000705100000, 0x0000000705200000|  0%| F|  |TAMS 0x0000000705100000, 0x0000000705100000| Untracked 
|  16|0x0000000705200000, 0x0000000705200000, 0x0000000705300000|  0%| F|  |TAMS 0x0000000705200000, 0x0000000705200000| Untracked 
|  17|0x0000000705300000, 0x0000000705300000, 0x0000000705400000|  0%| F|  |TAMS 0x0000000705300000, 0x0000000705300000| Untracked 
|  18|0x0000000705400000, 0x0000000705400000, 0x0000000705500000|  0%| F|  |TAMS 0x0000000705400000, 0x0000000705400000| Untracked 
|  19|0x0000000705500000, 0x0000000705500000, 0x0000000705600000|  0%| F|  |TAMS 0x0000000705500000, 0x0000000705500000| Untracked 
|  20|0x0000000705600000, 0x0000000705600000, 0x0000000705700000|  0%| F|  |TAMS 0x0000000705600000, 0x0000000705600000| Untracked 
|  21|0x0000000705700000, 0x0000000705700000, 0x0000000705800000|  0%| F|  |TAMS 0x0000000705700000, 0x0000000705700000| Untracked 
|  22|0x0000000705800000, 0x0000000705800000, 0x0000000705900000|  0%| F|  |TAMS 0x0000000705800000, 0x0000000705800000| Untracked 
|  23|0x0000000705900000, 0x0000000705900000, 0x0000000705a00000|  0%| F|  |TAMS 0x0000000705900000, 0x0000000705900000| Untracked 
|  24|0x0000000705a00000, 0x0000000705a00000, 0x0000000705b00000|  0%| F|  |TAMS 0x0000000705a00000, 0x0000000705a00000| Untracked 
|  25|0x0000000705b00000, 0x0000000705b00000, 0x0000000705c00000|  0%| F|  |TAMS 0x0000000705b00000, 0x0000000705b00000| Untracked 
|  26|0x0000000705c00000, 0x0000000705c00000, 0x0000000705d00000|  0%| F|  |TAMS 0x0000000705c00000, 0x0000000705c00000| Untracked 
|  27|0x0000000705d00000, 0x0000000705d00000, 0x0000000705e00000|  0%| F|  |TAMS 0x0000000705d00000, 0x0000000705d00000| Untracked 
|  28|0x0000000705e00000, 0x0000000705e00000, 0x0000000705f00000|  0%| F|  |TAMS 0x0000000705e00000, 0x0000000705e00000| Untracked 
|  29|0x0000000705f00000, 0x0000000705f00000, 0x0000000706000000|  0%| F|  |TAMS 0x0000000705f00000, 0x0000000705f00000| Untracked 
|  30|0x0000000706000000, 0x0000000706000000, 0x0000000706100000|  0%| F|  |TAMS 0x0000000706000000, 0x0000000706000000| Untracked 
|  31|0x0000000706100000, 0x0000000706100000, 0x0000000706200000|  0%| F|  |TAMS 0x0000000706100000, 0x0000000706100000| Untracked 
|  32|0x0000000706200000, 0x0000000706200000, 0x0000000706300000|  0%| F|  |TAMS 0x0000000706200000, 0x0000000706200000| Untracked 
|  33|0x0000000706300000, 0x0000000706300000, 0x0000000706400000|  0%| F|  |TAMS 0x0000000706300000, 0x0000000706300000| Untracked 
|  34|0x0000000706400000, 0x0000000706400000, 0x0000000706500000|  0%| F|  |TAMS 0x0000000706400000, 0x0000000706400000| Untracked 
|  35|0x0000000706500000, 0x0000000706500000, 0x0000000706600000|  0%| F|  |TAMS 0x0000000706500000, 0x0000000706500000| Untracked 
|  36|0x0000000706600000, 0x0000000706600000, 0x0000000706700000|  0%| F|  |TAMS 0x0000000706600000, 0x0000000706600000| Untracked 
|  37|0x0000000706700000, 0x0000000706700000, 0x0000000706800000|  0%| F|  |TAMS 0x0000000706700000, 0x0000000706700000| Untracked 
|  38|0x0000000706800000, 0x0000000706800000, 0x0000000706900000|  0%| F|  |TAMS 0x0000000706800000, 0x0000000706800000| Untracked 
|  39|0x0000000706900000, 0x0000000706900000, 0x0000000706a00000|  0%| F|  |TAMS 0x0000000706900000, 0x0000000706900000| Untracked 
|  40|0x0000000706a00000, 0x0000000706a00000, 0x0000000706b00000|  0%| F|  |TAMS 0x0000000706a00000, 0x0000000706a00000| Untracked 
|  41|0x0000000706b00000, 0x0000000706b00000, 0x0000000706c00000|  0%| F|  |TAMS 0x0000000706b00000, 0x0000000706b00000| Untracked 
|  42|0x0000000706c00000, 0x0000000706c00000, 0x0000000706d00000|  0%| F|  |TAMS 0x0000000706c00000, 0x0000000706c00000| Untracked 
|  43|0x0000000706d00000, 0x0000000706d00000, 0x0000000706e00000|  0%| F|  |TAMS 0x0000000706d00000, 0x0000000706d00000| Untracked 
|  44|0x0000000706e00000, 0x0000000706e00000, 0x0000000706f00000|  0%| F|  |TAMS 0x0000000706e00000, 0x0000000706e00000| Untracked 
|  45|0x0000000706f00000, 0x0000000706f00000, 0x0000000707000000|  0%| F|  |TAMS 0x0000000706f00000, 0x0000000706f00000| Untracked 
|  46|0x0000000707000000, 0x0000000707000000, 0x0000000707100000|  0%| F|  |TAMS 0x0000000707000000, 0x0000000707000000| Untracked 
|  47|0x0000000707100000, 0x0000000707100000, 0x0000000707200000|  0%| F|  |TAMS 0x0000000707100000, 0x0000000707100000| Untracked 
|  48|0x0000000707200000, 0x0000000707200000, 0x0000000707300000|  0%| F|  |TAMS 0x0000000707200000, 0x0000000707200000| Untracked 
|  49|0x0000000707300000, 0x0000000707300000, 0x0000000707400000|  0%| F|  |TAMS 0x0000000707300000, 0x0000000707300000| Untracked 
|  50|0x0000000707400000, 0x0000000707400000, 0x0000000707500000|  0%| F|  |TAMS 0x0000000707400000, 0x0000000707400000| Untracked 
|  51|0x0000000707500000, 0x0000000707500000, 0x0000000707600000|  0%| F|  |TAMS 0x0000000707500000, 0x0000000707500000| Untracked 
|  52|0x0000000707600000, 0x0000000707600000, 0x0000000707700000|  0%| F|  |TAMS 0x0000000707600000, 0x0000000707600000| Untracked 
|  53|0x0000000707700000, 0x0000000707700000, 0x0000000707800000|  0%| F|  |TAMS 0x0000000707700000, 0x0000000707700000| Untracked 
|  54|0x0000000707800000, 0x0000000707800000, 0x0000000707900000|  0%| F|  |TAMS 0x0000000707800000, 0x0000000707800000| Untracked 
|  55|0x0000000707900000, 0x0000000707900000, 0x0000000707a00000|  0%| F|  |TAMS 0x0000000707900000, 0x0000000707900000| Untracked 
|  56|0x0000000707a00000, 0x0000000707a00000, 0x0000000707b00000|  0%| F|  |TAMS 0x0000000707a00000, 0x0000000707a00000| Untracked 
|  57|0x0000000707b00000, 0x0000000707b00000, 0x0000000707c00000|  0%| F|  |TAMS 0x0000000707b00000, 0x0000000707b00000| Untracked 
|  58|0x0000000707c00000, 0x0000000707c00000, 0x0000000707d00000|  0%| F|  |TAMS 0x0000000707c00000, 0x0000000707c00000| Untracked 
|  59|0x0000000707d00000, 0x0000000707d00000, 0x0000000707e00000|  0%| F|  |TAMS 0x0000000707d00000, 0x0000000707d00000| Untracked 
|  60|0x0000000707e00000, 0x0000000707e00000, 0x0000000707f00000|  0%| F|  |TAMS 0x0000000707e00000, 0x0000000707e00000| Untracked 
|  61|0x0000000707f00000, 0x0000000707f00000, 0x0000000708000000|  0%| F|  |TAMS 0x0000000707f00000, 0x0000000707f00000| Untracked 
|  62|0x0000000708000000, 0x0000000708000000, 0x0000000708100000|  0%| F|  |TAMS 0x0000000708000000, 0x0000000708000000| Untracked 
|  63|0x0000000708100000, 0x0000000708100000, 0x0000000708200000|  0%| F|  |TAMS 0x0000000708100000, 0x0000000708100000| Untracked 
|  64|0x0000000708200000, 0x0000000708200000, 0x0000000708300000|  0%| F|  |TAMS 0x0000000708200000, 0x0000000708200000| Untracked 
|  65|0x0000000708300000, 0x0000000708300000, 0x0000000708400000|  0%| F|  |TAMS 0x0000000708300000, 0x0000000708300000| Untracked 
|  66|0x0000000708400000, 0x0000000708400000, 0x0000000708500000|  0%| F|  |TAMS 0x0000000708400000, 0x0000000708400000| Untracked 
|  67|0x0000000708500000, 0x0000000708500000, 0x0000000708600000|  0%| F|  |TAMS 0x0000000708500000, 0x0000000708500000| Untracked 
|  68|0x0000000708600000, 0x0000000708600000, 0x0000000708700000|  0%| F|  |TAMS 0x0000000708600000, 0x0000000708600000| Untracked 
|  69|0x0000000708700000, 0x0000000708700000, 0x0000000708800000|  0%| F|  |TAMS 0x0000000708700000, 0x0000000708700000| Untracked 
|  70|0x0000000708800000, 0x0000000708800000, 0x0000000708900000|  0%| F|  |TAMS 0x0000000708800000, 0x0000000708800000| Untracked 
|  71|0x0000000708900000, 0x0000000708900000, 0x0000000708a00000|  0%| F|  |TAMS 0x0000000708900000, 0x0000000708900000| Untracked 
|  72|0x0000000708a00000, 0x0000000708a00000, 0x0000000708b00000|  0%| F|  |TAMS 0x0000000708a00000, 0x0000000708a00000| Untracked 
|  73|0x0000000708b00000, 0x0000000708b00000, 0x0000000708c00000|  0%| F|  |TAMS 0x0000000708b00000, 0x0000000708b00000| Untracked 
|  74|0x0000000708c00000, 0x0000000708c00000, 0x0000000708d00000|  0%| F|  |TAMS 0x0000000708c00000, 0x0000000708c00000| Untracked 
|  75|0x0000000708d00000, 0x0000000708d00000, 0x0000000708e00000|  0%| F|  |TAMS 0x0000000708d00000, 0x0000000708d00000| Untracked 
|  76|0x0000000708e00000, 0x0000000708e00000, 0x0000000708f00000|  0%| F|  |TAMS 0x0000000708e00000, 0x0000000708e00000| Untracked 
|  77|0x0000000708f00000, 0x0000000708f00000, 0x0000000709000000|  0%| F|  |TAMS 0x0000000708f00000, 0x0000000708f00000| Untracked 
|  78|0x0000000709000000, 0x0000000709000000, 0x0000000709100000|  0%| F|  |TAMS 0x0000000709000000, 0x0000000709000000| Untracked 
|  79|0x0000000709100000, 0x0000000709100000, 0x0000000709200000|  0%| F|  |TAMS 0x0000000709100000, 0x0000000709100000| Untracked 
|  80|0x0000000709200000, 0x0000000709200000, 0x0000000709300000|  0%| F|  |TAMS 0x0000000709200000, 0x0000000709200000| Untracked 
|  81|0x0000000709300000, 0x0000000709300000, 0x0000000709400000|  0%| F|  |TAMS 0x0000000709300000, 0x0000000709300000| Untracked 
|  82|0x0000000709400000, 0x0000000709400000, 0x0000000709500000|  0%| F|  |TAMS 0x0000000709400000, 0x0000000709400000| Untracked 
|  83|0x0000000709500000, 0x0000000709500000, 0x0000000709600000|  0%| F|  |TAMS 0x0000000709500000, 0x0000000709500000| Untracked 
|  84|0x0000000709600000, 0x0000000709600000, 0x0000000709700000|  0%| F|  |TAMS 0x0000000709600000, 0x0000000709600000| Untracked 
|  85|0x0000000709700000, 0x0000000709700000, 0x0000000709800000|  0%| F|  |TAMS 0x0000000709700000, 0x0000000709700000| Untracked 
|  86|0x0000000709800000, 0x0000000709800000, 0x0000000709900000|  0%| F|  |TAMS 0x0000000709800000, 0x0000000709800000| Untracked 
|  87|0x0000000709900000, 0x0000000709900000, 0x0000000709a00000|  0%| F|  |TAMS 0x0000000709900000, 0x0000000709900000| Untracked 
|  88|0x0000000709a00000, 0x0000000709a00000, 0x0000000709b00000|  0%| F|  |TAMS 0x0000000709a00000, 0x0000000709a00000| Untracked 
|  89|0x0000000709b00000, 0x0000000709b00000, 0x0000000709c00000|  0%| F|  |TAMS 0x0000000709b00000, 0x0000000709b00000| Untracked 
|  90|0x0000000709c00000, 0x0000000709c00000, 0x0000000709d00000|  0%| F|  |TAMS 0x0000000709c00000, 0x0000000709c00000| Untracked 
|  91|0x0000000709d00000, 0x0000000709d00000, 0x0000000709e00000|  0%| F|  |TAMS 0x0000000709d00000, 0x0000000709d00000| Untracked 
|  92|0x0000000709e00000, 0x0000000709e00000, 0x0000000709f00000|  0%| F|  |TAMS 0x0000000709e00000, 0x0000000709e00000| Untracked 
|  93|0x0000000709f00000, 0x0000000709f00000, 0x000000070a000000|  0%| F|  |TAMS 0x0000000709f00000, 0x0000000709f00000| Untracked 
|  94|0x000000070a000000, 0x000000070a000000, 0x000000070a100000|  0%| F|  |TAMS 0x000000070a000000, 0x000000070a000000| Untracked 
|  95|0x000000070a100000, 0x000000070a100000, 0x000000070a200000|  0%| F|  |TAMS 0x000000070a100000, 0x000000070a100000| Untracked 
|  96|0x000000070a200000, 0x000000070a200000, 0x000000070a300000|  0%| F|  |TAMS 0x000000070a200000, 0x000000070a200000| Untracked 
|  97|0x000000070a300000, 0x000000070a300000, 0x000000070a400000|  0%| F|  |TAMS 0x000000070a300000, 0x000000070a300000| Untracked 
|  98|0x000000070a400000, 0x000000070a400000, 0x000000070a500000|  0%| F|  |TAMS 0x000000070a400000, 0x000000070a400000| Untracked 
|  99|0x000000070a500000, 0x000000070a500000, 0x000000070a600000|  0%| F|  |TAMS 0x000000070a500000, 0x000000070a500000| Untracked 
| 100|0x000000070a600000, 0x000000070a600000, 0x000000070a700000|  0%| F|  |TAMS 0x000000070a600000, 0x000000070a600000| Untracked 
| 101|0x000000070a700000, 0x000000070a700000, 0x000000070a800000|  0%| F|  |TAMS 0x000000070a700000, 0x000000070a700000| Untracked 
| 102|0x000000070a800000, 0x000000070a800000, 0x000000070a900000|  0%| F|  |TAMS 0x000000070a800000, 0x000000070a800000| Untracked 
| 103|0x000000070a900000, 0x000000070a900000, 0x000000070aa00000|  0%| F|  |TAMS 0x000000070a900000, 0x000000070a900000| Untracked 
| 104|0x000000070aa00000, 0x000000070aa00000, 0x000000070ab00000|  0%| F|  |TAMS 0x000000070aa00000, 0x000000070aa00000| Untracked 
| 105|0x000000070ab00000, 0x000000070ab00000, 0x000000070ac00000|  0%| F|  |TAMS 0x000000070ab00000, 0x000000070ab00000| Untracked 
| 106|0x000000070ac00000, 0x000000070ac00000, 0x000000070ad00000|  0%| F|  |TAMS 0x000000070ac00000, 0x000000070ac00000| Untracked 
| 107|0x000000070ad00000, 0x000000070ad00000, 0x000000070ae00000|  0%| F|  |TAMS 0x000000070ad00000, 0x000000070ad00000| Untracked 
| 108|0x000000070ae00000, 0x000000070ae00000, 0x000000070af00000|  0%| F|  |TAMS 0x000000070ae00000, 0x000000070ae00000| Untracked 
| 109|0x000000070af00000, 0x000000070af00000, 0x000000070b000000|  0%| F|  |TAMS 0x000000070af00000, 0x000000070af00000| Untracked 
| 110|0x000000070b000000, 0x000000070b000000, 0x000000070b100000|  0%| F|  |TAMS 0x000000070b000000, 0x000000070b000000| Untracked 
| 111|0x000000070b100000, 0x000000070b100000, 0x000000070b200000|  0%| F|  |TAMS 0x000000070b100000, 0x000000070b100000| Untracked 
| 112|0x000000070b200000, 0x000000070b200000, 0x000000070b300000|  0%| F|  |TAMS 0x000000070b200000, 0x000000070b200000| Untracked 
| 113|0x000000070b300000, 0x000000070b300000, 0x000000070b400000|  0%| F|  |TAMS 0x000000070b300000, 0x000000070b300000| Untracked 
| 114|0x000000070b400000, 0x000000070b400000, 0x000000070b500000|  0%| F|  |TAMS 0x000000070b400000, 0x000000070b400000| Untracked 
| 115|0x000000070b500000, 0x000000070b500000, 0x000000070b600000|  0%| F|  |TAMS 0x000000070b500000, 0x000000070b500000| Untracked 
| 116|0x000000070b600000, 0x000000070b600000, 0x000000070b700000|  0%| F|  |TAMS 0x000000070b600000, 0x000000070b600000| Untracked 
| 117|0x000000070b700000, 0x000000070b700000, 0x000000070b800000|  0%| F|  |TAMS 0x000000070b700000, 0x000000070b700000| Untracked 
| 118|0x000000070b800000, 0x000000070b800000, 0x000000070b900000|  0%| F|  |TAMS 0x000000070b800000, 0x000000070b800000| Untracked 
| 119|0x000000070b900000, 0x000000070b900000, 0x000000070ba00000|  0%| F|  |TAMS 0x000000070b900000, 0x000000070b900000| Untracked 
| 120|0x000000070ba00000, 0x000000070ba00000, 0x000000070bb00000|  0%| F|  |TAMS 0x000000070ba00000, 0x000000070ba00000| Untracked 
| 121|0x000000070bb00000, 0x000000070bb00000, 0x000000070bc00000|  0%| F|  |TAMS 0x000000070bb00000, 0x000000070bb00000| Untracked 
| 122|0x000000070bc00000, 0x000000070bc00000, 0x000000070bd00000|  0%| F|  |TAMS 0x000000070bc00000, 0x000000070bc00000| Untracked 
| 123|0x000000070bd00000, 0x000000070bd00000, 0x000000070be00000|  0%| F|  |TAMS 0x000000070bd00000, 0x000000070bd00000| Untracked 
| 124|0x000000070be00000, 0x000000070be00000, 0x000000070bf00000|  0%| F|  |TAMS 0x000000070be00000, 0x000000070be00000| Untracked 
| 125|0x000000070bf00000, 0x000000070bf00000, 0x000000070c000000|  0%| F|  |TAMS 0x000000070bf00000, 0x000000070bf00000| Untracked 
| 126|0x000000070c000000, 0x000000070c000000, 0x000000070c100000|  0%| F|  |TAMS 0x000000070c000000, 0x000000070c000000| Untracked 
| 127|0x000000070c100000, 0x000000070c100000, 0x000000070c200000|  0%| F|  |TAMS 0x000000070c100000, 0x000000070c100000| Untracked 
| 128|0x000000070c200000, 0x000000070c200000, 0x000000070c300000|  0%| F|  |TAMS 0x000000070c200000, 0x000000070c200000| Untracked 
| 129|0x000000070c300000, 0x000000070c300000, 0x000000070c400000|  0%| F|  |TAMS 0x000000070c300000, 0x000000070c300000| Untracked 
| 130|0x000000070c400000, 0x000000070c400000, 0x000000070c500000|  0%| F|  |TAMS 0x000000070c400000, 0x000000070c400000| Untracked 
| 131|0x000000070c500000, 0x000000070c500000, 0x000000070c600000|  0%| F|  |TAMS 0x000000070c500000, 0x000000070c500000| Untracked 
| 132|0x000000070c600000, 0x000000070c600000, 0x000000070c700000|  0%| F|  |TAMS 0x000000070c600000, 0x000000070c600000| Untracked 
| 133|0x000000070c700000, 0x000000070c700000, 0x000000070c800000|  0%| F|  |TAMS 0x000000070c700000, 0x000000070c700000| Untracked 
| 134|0x000000070c800000, 0x000000070c800000, 0x000000070c900000|  0%| F|  |TAMS 0x000000070c800000, 0x000000070c800000| Untracked 
| 135|0x000000070c900000, 0x000000070c900000, 0x000000070ca00000|  0%| F|  |TAMS 0x000000070c900000, 0x000000070c900000| Untracked 
| 136|0x000000070ca00000, 0x000000070ca00000, 0x000000070cb00000|  0%| F|  |TAMS 0x000000070ca00000, 0x000000070ca00000| Untracked 
| 137|0x000000070cb00000, 0x000000070cb00000, 0x000000070cc00000|  0%| F|  |TAMS 0x000000070cb00000, 0x000000070cb00000| Untracked 
| 138|0x000000070cc00000, 0x000000070cc00000, 0x000000070cd00000|  0%| F|  |TAMS 0x000000070cc00000, 0x000000070cc00000| Untracked 
| 139|0x000000070cd00000, 0x000000070cd00000, 0x000000070ce00000|  0%| F|  |TAMS 0x000000070cd00000, 0x000000070cd00000| Untracked 
| 140|0x000000070ce00000, 0x000000070ce00000, 0x000000070cf00000|  0%| F|  |TAMS 0x000000070ce00000, 0x000000070ce00000| Untracked 
| 141|0x000000070cf00000, 0x000000070cf00000, 0x000000070d000000|  0%| F|  |TAMS 0x000000070cf00000, 0x000000070cf00000| Untracked 
| 142|0x000000070d000000, 0x000000070d000000, 0x000000070d100000|  0%| F|  |TAMS 0x000000070d000000, 0x000000070d000000| Untracked 
| 143|0x000000070d100000, 0x000000070d100000, 0x000000070d200000|  0%| F|  |TAMS 0x000000070d100000, 0x000000070d100000| Untracked 
| 144|0x000000070d200000, 0x000000070d200000, 0x000000070d300000|  0%| F|  |TAMS 0x000000070d200000, 0x000000070d200000| Untracked 
| 145|0x000000070d300000, 0x000000070d300000, 0x000000070d400000|  0%| F|  |TAMS 0x000000070d300000, 0x000000070d300000| Untracked 
| 146|0x000000070d400000, 0x000000070d400000, 0x000000070d500000|  0%| F|  |TAMS 0x000000070d400000, 0x000000070d400000| Untracked 
| 147|0x000000070d500000, 0x000000070d500000, 0x000000070d600000|  0%| F|  |TAMS 0x000000070d500000, 0x000000070d500000| Untracked 
| 148|0x000000070d600000, 0x000000070d600000, 0x000000070d700000|  0%| F|  |TAMS 0x000000070d600000, 0x000000070d600000| Untracked 
| 149|0x000000070d700000, 0x000000070d700000, 0x000000070d800000|  0%| F|  |TAMS 0x000000070d700000, 0x000000070d700000| Untracked 
| 150|0x000000070d800000, 0x000000070d800000, 0x000000070d900000|  0%| F|  |TAMS 0x000000070d800000, 0x000000070d800000| Untracked 
| 151|0x000000070d900000, 0x000000070d900000, 0x000000070da00000|  0%| F|  |TAMS 0x000000070d900000, 0x000000070d900000| Untracked 
| 152|0x000000070da00000, 0x000000070da00000, 0x000000070db00000|  0%| F|  |TAMS 0x000000070da00000, 0x000000070da00000| Untracked 
| 153|0x000000070db00000, 0x000000070db00000, 0x000000070dc00000|  0%| F|  |TAMS 0x000000070db00000, 0x000000070db00000| Untracked 
| 154|0x000000070dc00000, 0x000000070dc00000, 0x000000070dd00000|  0%| F|  |TAMS 0x000000070dc00000, 0x000000070dc00000| Untracked 
| 155|0x000000070dd00000, 0x000000070dd00000, 0x000000070de00000|  0%| F|  |TAMS 0x000000070dd00000, 0x000000070dd00000| Untracked 
| 156|0x000000070de00000, 0x000000070de00000, 0x000000070df00000|  0%| F|  |TAMS 0x000000070de00000, 0x000000070de00000| Untracked 
| 157|0x000000070df00000, 0x000000070df00000, 0x000000070e000000|  0%| F|  |TAMS 0x000000070df00000, 0x000000070df00000| Untracked 
| 158|0x000000070e000000, 0x000000070e000000, 0x000000070e100000|  0%| F|  |TAMS 0x000000070e000000, 0x000000070e000000| Untracked 
| 159|0x000000070e100000, 0x000000070e100000, 0x000000070e200000|  0%| F|  |TAMS 0x000000070e100000, 0x000000070e100000| Untracked 
| 160|0x000000070e200000, 0x000000070e200000, 0x000000070e300000|  0%| F|  |TAMS 0x000000070e200000, 0x000000070e200000| Untracked 
| 161|0x000000070e300000, 0x000000070e300000, 0x000000070e400000|  0%| F|  |TAMS 0x000000070e300000, 0x000000070e300000| Untracked 
| 162|0x000000070e400000, 0x000000070e400000, 0x000000070e500000|  0%| F|  |TAMS 0x000000070e400000, 0x000000070e400000| Untracked 
| 163|0x000000070e500000, 0x000000070e500000, 0x000000070e600000|  0%| F|  |TAMS 0x000000070e500000, 0x000000070e500000| Untracked 
| 164|0x000000070e600000, 0x000000070e600000, 0x000000070e700000|  0%| F|  |TAMS 0x000000070e600000, 0x000000070e600000| Untracked 
| 165|0x000000070e700000, 0x000000070e700000, 0x000000070e800000|  0%| F|  |TAMS 0x000000070e700000, 0x000000070e700000| Untracked 
| 166|0x000000070e800000, 0x000000070e800000, 0x000000070e900000|  0%| F|  |TAMS 0x000000070e800000, 0x000000070e800000| Untracked 
| 167|0x000000070e900000, 0x000000070e900000, 0x000000070ea00000|  0%| F|  |TAMS 0x000000070e900000, 0x000000070e900000| Untracked 
| 168|0x000000070ea00000, 0x000000070ea00000, 0x000000070eb00000|  0%| F|  |TAMS 0x000000070ea00000, 0x000000070ea00000| Untracked 
| 169|0x000000070eb00000, 0x000000070eb00000, 0x000000070ec00000|  0%| F|  |TAMS 0x000000070eb00000, 0x000000070eb00000| Untracked 
| 170|0x000000070ec00000, 0x000000070ec00000, 0x000000070ed00000|  0%| F|  |TAMS 0x000000070ec00000, 0x000000070ec00000| Untracked 
| 171|0x000000070ed00000, 0x000000070ed00000, 0x000000070ee00000|  0%| F|  |TAMS 0x000000070ed00000, 0x000000070ed00000| Untracked 
| 172|0x000000070ee00000, 0x000000070ee00000, 0x000000070ef00000|  0%| F|  |TAMS 0x000000070ee00000, 0x000000070ee00000| Untracked 
| 173|0x000000070ef00000, 0x000000070ef00000, 0x000000070f000000|  0%| F|  |TAMS 0x000000070ef00000, 0x000000070ef00000| Untracked 
| 174|0x000000070f000000, 0x000000070f000000, 0x000000070f100000|  0%| F|  |TAMS 0x000000070f000000, 0x000000070f000000| Untracked 
| 175|0x000000070f100000, 0x000000070f100000, 0x000000070f200000|  0%| F|  |TAMS 0x000000070f100000, 0x000000070f100000| Untracked 
| 176|0x000000070f200000, 0x000000070f200000, 0x000000070f300000|  0%| F|  |TAMS 0x000000070f200000, 0x000000070f200000| Untracked 
| 177|0x000000070f300000, 0x000000070f300000, 0x000000070f400000|  0%| F|  |TAMS 0x000000070f300000, 0x000000070f300000| Untracked 
| 178|0x000000070f400000, 0x000000070f400000, 0x000000070f500000|  0%| F|  |TAMS 0x000000070f400000, 0x000000070f400000| Untracked 
| 179|0x000000070f500000, 0x000000070f500000, 0x000000070f600000|  0%| F|  |TAMS 0x000000070f500000, 0x000000070f500000| Untracked 
| 180|0x000000070f600000, 0x000000070f600000, 0x000000070f700000|  0%| F|  |TAMS 0x000000070f600000, 0x000000070f600000| Untracked 
| 181|0x000000070f700000, 0x000000070f700000, 0x000000070f800000|  0%| F|  |TAMS 0x000000070f700000, 0x000000070f700000| Untracked 
| 182|0x000000070f800000, 0x000000070f800000, 0x000000070f900000|  0%| F|  |TAMS 0x000000070f800000, 0x000000070f800000| Untracked 
| 183|0x000000070f900000, 0x000000070f900000, 0x000000070fa00000|  0%| F|  |TAMS 0x000000070f900000, 0x000000070f900000| Untracked 
| 184|0x000000070fa00000, 0x000000070fa00000, 0x000000070fb00000|  0%| F|  |TAMS 0x000000070fa00000, 0x000000070fa00000| Untracked 
| 185|0x000000070fb00000, 0x000000070fb00000, 0x000000070fc00000|  0%| F|  |TAMS 0x000000070fb00000, 0x000000070fb00000| Untracked 
| 186|0x000000070fc00000, 0x000000070fc00000, 0x000000070fd00000|  0%| F|  |TAMS 0x000000070fc00000, 0x000000070fc00000| Untracked 
| 187|0x000000070fd00000, 0x000000070fd00000, 0x000000070fe00000|  0%| F|  |TAMS 0x000000070fd00000, 0x000000070fd00000| Untracked 
| 188|0x000000070fe00000, 0x000000070fe00000, 0x000000070ff00000|  0%| F|  |TAMS 0x000000070fe00000, 0x000000070fe00000| Untracked 
| 189|0x000000070ff00000, 0x000000070ff00000, 0x0000000710000000|  0%| F|  |TAMS 0x000000070ff00000, 0x000000070ff00000| Untracked 
| 190|0x0000000710000000, 0x0000000710000000, 0x0000000710100000|  0%| F|  |TAMS 0x0000000710000000, 0x0000000710000000| Untracked 
| 191|0x0000000710100000, 0x0000000710100000, 0x0000000710200000|  0%| F|  |TAMS 0x0000000710100000, 0x0000000710100000| Untracked 
| 192|0x0000000710200000, 0x0000000710200000, 0x0000000710300000|  0%| F|  |TAMS 0x0000000710200000, 0x0000000710200000| Untracked 
| 193|0x0000000710300000, 0x0000000710300000, 0x0000000710400000|  0%| F|  |TAMS 0x0000000710300000, 0x0000000710300000| Untracked 
| 194|0x0000000710400000, 0x0000000710400000, 0x0000000710500000|  0%| F|  |TAMS 0x0000000710400000, 0x0000000710400000| Untracked 
| 195|0x0000000710500000, 0x0000000710500000, 0x0000000710600000|  0%| F|  |TAMS 0x0000000710500000, 0x0000000710500000| Untracked 
| 196|0x0000000710600000, 0x0000000710600000, 0x0000000710700000|  0%| F|  |TAMS 0x0000000710600000, 0x0000000710600000| Untracked 
| 197|0x0000000710700000, 0x0000000710700000, 0x0000000710800000|  0%| F|  |TAMS 0x0000000710700000, 0x0000000710700000| Untracked 
| 198|0x0000000710800000, 0x0000000710800000, 0x0000000710900000|  0%| F|  |TAMS 0x0000000710800000, 0x0000000710800000| Untracked 
| 199|0x0000000710900000, 0x0000000710900000, 0x0000000710a00000|  0%| F|  |TAMS 0x0000000710900000, 0x0000000710900000| Untracked 
| 200|0x0000000710a00000, 0x0000000710a00000, 0x0000000710b00000|  0%| F|  |TAMS 0x0000000710a00000, 0x0000000710a00000| Untracked 
| 201|0x0000000710b00000, 0x0000000710b00000, 0x0000000710c00000|  0%| F|  |TAMS 0x0000000710b00000, 0x0000000710b00000| Untracked 
| 202|0x0000000710c00000, 0x0000000710c00000, 0x0000000710d00000|  0%| F|  |TAMS 0x0000000710c00000, 0x0000000710c00000| Untracked 
| 203|0x0000000710d00000, 0x0000000710d00000, 0x0000000710e00000|  0%| F|  |TAMS 0x0000000710d00000, 0x0000000710d00000| Untracked 
| 204|0x0000000710e00000, 0x0000000710e00000, 0x0000000710f00000|  0%| F|  |TAMS 0x0000000710e00000, 0x0000000710e00000| Untracked 
| 205|0x0000000710f00000, 0x0000000710f00000, 0x0000000711000000|  0%| F|  |TAMS 0x0000000710f00000, 0x0000000710f00000| Untracked 
| 206|0x0000000711000000, 0x0000000711000000, 0x0000000711100000|  0%| F|  |TAMS 0x0000000711000000, 0x0000000711000000| Untracked 
| 207|0x0000000711100000, 0x0000000711100000, 0x0000000711200000|  0%| F|  |TAMS 0x0000000711100000, 0x0000000711100000| Untracked 
| 208|0x0000000711200000, 0x0000000711200000, 0x0000000711300000|  0%| F|  |TAMS 0x0000000711200000, 0x0000000711200000| Untracked 
| 209|0x0000000711300000, 0x0000000711300000, 0x0000000711400000|  0%| F|  |TAMS 0x0000000711300000, 0x0000000711300000| Untracked 
| 210|0x0000000711400000, 0x0000000711400000, 0x0000000711500000|  0%| F|  |TAMS 0x0000000711400000, 0x0000000711400000| Untracked 
| 211|0x0000000711500000, 0x0000000711500000, 0x0000000711600000|  0%| F|  |TAMS 0x0000000711500000, 0x0000000711500000| Untracked 
| 212|0x0000000711600000, 0x0000000711600000, 0x0000000711700000|  0%| F|  |TAMS 0x0000000711600000, 0x0000000711600000| Untracked 
| 213|0x0000000711700000, 0x0000000711700000, 0x0000000711800000|  0%| F|  |TAMS 0x0000000711700000, 0x0000000711700000| Untracked 
| 214|0x0000000711800000, 0x0000000711800000, 0x0000000711900000|  0%| F|  |TAMS 0x0000000711800000, 0x0000000711800000| Untracked 
| 215|0x0000000711900000, 0x0000000711900000, 0x0000000711a00000|  0%| F|  |TAMS 0x0000000711900000, 0x0000000711900000| Untracked 
| 216|0x0000000711a00000, 0x0000000711a00000, 0x0000000711b00000|  0%| F|  |TAMS 0x0000000711a00000, 0x0000000711a00000| Untracked 
| 217|0x0000000711b00000, 0x0000000711b00000, 0x0000000711c00000|  0%| F|  |TAMS 0x0000000711b00000, 0x0000000711b00000| Untracked 
| 218|0x0000000711c00000, 0x0000000711c00000, 0x0000000711d00000|  0%| F|  |TAMS 0x0000000711c00000, 0x0000000711c00000| Untracked 
| 219|0x0000000711d00000, 0x0000000711d00000, 0x0000000711e00000|  0%| F|  |TAMS 0x0000000711d00000, 0x0000000711d00000| Untracked 
| 220|0x0000000711e00000, 0x0000000711e00000, 0x0000000711f00000|  0%| F|  |TAMS 0x0000000711e00000, 0x0000000711e00000| Untracked 
| 221|0x0000000711f00000, 0x0000000711f00000, 0x0000000712000000|  0%| F|  |TAMS 0x0000000711f00000, 0x0000000711f00000| Untracked 
| 222|0x0000000712000000, 0x0000000712000000, 0x0000000712100000|  0%| F|  |TAMS 0x0000000712000000, 0x0000000712000000| Untracked 
| 223|0x0000000712100000, 0x0000000712100000, 0x0000000712200000|  0%| F|  |TAMS 0x0000000712100000, 0x0000000712100000| Untracked 
| 224|0x0000000712200000, 0x0000000712200000, 0x0000000712300000|  0%| F|  |TAMS 0x0000000712200000, 0x0000000712200000| Untracked 
| 225|0x0000000712300000, 0x0000000712300000, 0x0000000712400000|  0%| F|  |TAMS 0x0000000712300000, 0x0000000712300000| Untracked 
| 226|0x0000000712400000, 0x0000000712400000, 0x0000000712500000|  0%| F|  |TAMS 0x0000000712400000, 0x0000000712400000| Untracked 
| 227|0x0000000712500000, 0x0000000712500000, 0x0000000712600000|  0%| F|  |TAMS 0x0000000712500000, 0x0000000712500000| Untracked 
| 228|0x0000000712600000, 0x0000000712600000, 0x0000000712700000|  0%| F|  |TAMS 0x0000000712600000, 0x0000000712600000| Untracked 
| 229|0x0000000712700000, 0x0000000712700000, 0x0000000712800000|  0%| F|  |TAMS 0x0000000712700000, 0x0000000712700000| Untracked 
| 230|0x0000000712800000, 0x0000000712800000, 0x0000000712900000|  0%| F|  |TAMS 0x0000000712800000, 0x0000000712800000| Untracked 
| 231|0x0000000712900000, 0x00000007129fef00, 0x0000000712a00000| 99%| E|  |TAMS 0x0000000712900000, 0x0000000712900000| Complete 
| 232|0x0000000712a00000, 0x0000000712b00000, 0x0000000712b00000|100%| E|CS|TAMS 0x0000000712a00000, 0x0000000712a00000| Complete 
| 233|0x0000000712b00000, 0x0000000712c00000, 0x0000000712c00000|100%| E|CS|TAMS 0x0000000712b00000, 0x0000000712b00000| Complete 
| 234|0x0000000712c00000, 0x0000000712d00000, 0x0000000712d00000|100%| E|CS|TAMS 0x0000000712c00000, 0x0000000712c00000| Complete 
| 235|0x0000000712d00000, 0x0000000712e00000, 0x0000000712e00000|100%| E|CS|TAMS 0x0000000712d00000, 0x0000000712d00000| Complete 
| 236|0x0000000712e00000, 0x0000000712f00000, 0x0000000712f00000|100%| E|CS|TAMS 0x0000000712e00000, 0x0000000712e00000| Complete 
| 237|0x0000000712f00000, 0x0000000713000000, 0x0000000713000000|100%| E|CS|TAMS 0x0000000712f00000, 0x0000000712f00000| Complete 
| 238|0x0000000713000000, 0x0000000713100000, 0x0000000713100000|100%| E|  |TAMS 0x0000000713000000, 0x0000000713000000| Complete 
| 239|0x0000000713100000, 0x0000000713200000, 0x0000000713200000|100%| E|CS|TAMS 0x0000000713100000, 0x0000000713100000| Complete 
| 240|0x0000000713200000, 0x0000000713300000, 0x0000000713300000|100%| E|CS|TAMS 0x0000000713200000, 0x0000000713200000| Complete 
| 241|0x0000000713300000, 0x0000000713400000, 0x0000000713400000|100%| E|CS|TAMS 0x0000000713300000, 0x0000000713300000| Complete 
| 242|0x0000000713400000, 0x0000000713500000, 0x0000000713500000|100%| E|CS|TAMS 0x0000000713400000, 0x0000000713400000| Complete 
| 243|0x0000000713500000, 0x0000000713600000, 0x0000000713600000|100%| E|CS|TAMS 0x0000000713500000, 0x0000000713500000| Complete 
| 244|0x0000000713600000, 0x0000000713700000, 0x0000000713700000|100%| E|CS|TAMS 0x0000000713600000, 0x0000000713600000| Complete 
| 245|0x0000000713700000, 0x0000000713800000, 0x0000000713800000|100%| E|CS|TAMS 0x0000000713700000, 0x0000000713700000| Complete 
| 246|0x0000000713800000, 0x0000000713900000, 0x0000000713900000|100%| E|CS|TAMS 0x0000000713800000, 0x0000000713800000| Complete 
| 247|0x0000000713900000, 0x0000000713a00000, 0x0000000713a00000|100%| E|CS|TAMS 0x0000000713900000, 0x0000000713900000| Complete 
| 248|0x0000000713a00000, 0x0000000713b00000, 0x0000000713b00000|100%| E|CS|TAMS 0x0000000713a00000, 0x0000000713a00000| Complete 
| 249|0x0000000713b00000, 0x0000000713c00000, 0x0000000713c00000|100%| E|CS|TAMS 0x0000000713b00000, 0x0000000713b00000| Complete 
| 250|0x0000000713c00000, 0x0000000713d00000, 0x0000000713d00000|100%| E|CS|TAMS 0x0000000713c00000, 0x0000000713c00000| Complete 
| 251|0x0000000713d00000, 0x0000000713e00000, 0x0000000713e00000|100%| E|CS|TAMS 0x0000000713d00000, 0x0000000713d00000| Complete 

Card table byte_map: [0x0000020052e30000,0x0000020053610000] _byte_map_base: 0x000002004f60f000

Marking Bits (Prev, Next): (CMBitMap*) 0x000002003aa579d8, (CMBitMap*) 0x000002003aa57a10
 Prev Bits: [0x0000020053df0000, 0x0000020057ce8000)
 Next Bits: [0x0000020057cf0000, 0x000002005bbe8000)

Polling page: 0x0000020038730000

Metaspace:

Usage:
  Non-class:     10.31 MB capacity,    10.12 MB ( 98%) used,   173.15 KB (  2%) free+waste,    17.06 KB ( <1%) overhead. 
      Class:    951.00 KB capacity,   866.32 KB ( 91%) used,    76.93 KB (  8%) free+waste,     7.75 KB ( <1%) overhead. 
       Both:     11.24 MB capacity,    10.97 MB ( 98%) used,   250.08 KB (  2%) free+waste,    24.81 KB ( <1%) overhead. 

Virtual space:
  Non-class space:       12.00 MB reserved,      10.50 MB ( 88%) committed 
      Class space:        1.00 GB reserved,       1.00 MB ( <1%) committed 
             Both:        1.01 GB reserved,      11.50 MB (  1%) committed 

Chunk freelists:
   Non-Class:  70.00 KB
       Class:  9.00 KB
        Both:  79.00 KB

MaxMetaspaceSize: 17179869184.00 GB
CompressedClassSpaceSize: 1.00 GB

CodeHeap 'non-profiled nmethods': size=120000Kb used=283Kb max_used=283Kb free=119716Kb
 bounds [0x000002004abd0000, 0x000002004ae40000, 0x0000020052100000]
CodeHeap 'profiled nmethods': size=120000Kb used=1529Kb max_used=1529Kb free=118470Kb
 bounds [0x00000200436a0000, 0x0000020043910000, 0x000002004abd0000]
CodeHeap 'non-nmethods': size=5760Kb used=1525Kb max_used=1552Kb free=4234Kb
 bounds [0x0000020043100000, 0x0000020043370000, 0x00000200436a0000]
 total_blobs=1779 nmethods=848 adapters=851
 compilation: enabled
              stopped_count=0, restarted_count=0
 full_count=0

Compilation events (20 events):
Event: 0.761 Thread 0x000002005f29d800  839       3       de.matthiasmann.twl.utils.PNGDecoder::unfilterUp (38 bytes)
Event: 0.762 Thread 0x000002005f29d800 nmethod 839 0x0000020043819910 code [0x0000020043819ac0, 0x0000020043819cb8]
Event: 0.764 Thread 0x000002005f29d800  840 %     3       de.matthiasmann.twl.utils.PNGDecoder::unfilterPaeth @ 36 (188 bytes)
Event: 0.764 Thread 0x000002005f29d800 nmethod 840% 0x0000020043819e10 code [0x000002004381a000, 0x000002004381a678]
Event: 0.764 Thread 0x000002005f29d800  841   !   3       java.util.zip.Inflater::setInput (69 bytes)
Event: 0.764 Thread 0x000002005f29d800 nmethod 841 0x000002004381aa10 code [0x000002004381ac00, 0x000002004381b0e8]
Event: 0.764 Thread 0x000002005f29d800  842       3       de.matthiasmann.twl.utils.PNGDecoder::unfilterPaeth (188 bytes)
Event: 0.764 Thread 0x000002005f29d800 nmethod 842 0x000002004381b290 code [0x000002004381b480, 0x000002004381b9b8]
Event: 0.765 Thread 0x0000020065a6f000  843 %     4       de.matthiasmann.twl.utils.PNGDecoder::copyRGBtoRGBA @ 129 (170 bytes)
Event: 0.765 Thread 0x0000020065d89800  844 %     4       de.matthiasmann.twl.utils.PNGDecoder::unfilterPaeth @ 36 (188 bytes)
Event: 0.767 Thread 0x000002005f29d800  845   !   3       de.matthiasmann.twl.utils.PNGDecoder::readChunkUnzip (144 bytes)
Event: 0.767 Thread 0x000002005f29d800 nmethod 845 0x000002004381bc90 code [0x000002004381bf60, 0x000002004381cb58]
Event: 0.767 Thread 0x000002005f29d800  846       3       de.matthiasmann.twl.utils.PNGDecoder::unfilter (104 bytes)
Event: 0.768 Thread 0x000002005f29d800 nmethod 846 0x000002004381d210 code [0x000002004381d460, 0x000002004381da28]
Event: 0.768 Thread 0x000002005f29d800  847 %     3       de.matthiasmann.twl.utils.PNGDecoder::unfilterSub @ 13 (38 bytes)
Event: 0.769 Thread 0x000002005f29d800 nmethod 847% 0x000002004381dc90 code [0x000002004381de60, 0x000002004381e118]
Event: 0.769 Thread 0x000002005f29d800  848       3       de.matthiasmann.twl.utils.PNGDecoder::unfilterSub (38 bytes)
Event: 0.769 Thread 0x000002005f29d800 nmethod 848 0x000002004381e290 code [0x000002004381e440, 0x000002004381e658]
Event: 0.774 Thread 0x0000020065a6f000 nmethod 843% 0x000002004ac15590 code [0x000002004ac15740, 0x000002004ac15d38]
Event: 0.774 Thread 0x0000020065d89800 nmethod 844% 0x000002004ac16090 code [0x000002004ac16240, 0x000002004ac169d8]

GC Heap History (0 events):
No events

Deoptimization events (20 events):
Event: 0.648 Thread 0x000002003a9f0000 DEOPT PACKING pc=0x000002004abf30f8 sp=0x00000060836feda0
Event: 0.648 Thread 0x000002003a9f0000 DEOPT UNPACKING pc=0x000002004313b3af sp=0x00000060836fed20 mode 2
Event: 0.648 Thread 0x000002003a9f0000 Uncommon trap: trap_request=0xffffff4d fr.pc=0x000002004abf150c relative=0x000000000000016c
Event: 0.648 Thread 0x000002003a9f0000 Uncommon trap: reason=unstable_if action=reinterpret pc=0x000002004abf150c method=java.lang.String.getBytes([BIB)V @ 5 c2
Event: 0.648 Thread 0x000002003a9f0000 DEOPT PACKING pc=0x000002004abf150c sp=0x00000060836fecc0
Event: 0.648 Thread 0x000002003a9f0000 DEOPT UNPACKING pc=0x000002004313b3af sp=0x00000060836fec98 mode 2
Event: 0.648 Thread 0x000002003a9f0000 Uncommon trap: trap_request=0xffffff4d fr.pc=0x000002004ac08e70 relative=0x00000000000003b0
Event: 0.648 Thread 0x000002003a9f0000 Uncommon trap: reason=unstable_if action=reinterpret pc=0x000002004ac08e70 method=java.lang.AbstractStringBuilder.isLatin1()Z @ 10 c2
Event: 0.648 Thread 0x000002003a9f0000 DEOPT PACKING pc=0x000002004ac08e70 sp=0x00000060836fee20
Event: 0.648 Thread 0x000002003a9f0000 DEOPT UNPACKING pc=0x000002004313b3af sp=0x00000060836fedb0 mode 2
Event: 0.652 Thread 0x000002003a9f0000 Uncommon trap: trap_request=0xffffff5c fr.pc=0x000002004ac0a000 relative=0x0000000000000060
Event: 0.652 Thread 0x000002003a9f0000 Uncommon trap: reason=speculate_null_assert action=make_not_entrant pc=0x000002004ac0a000 method=sun.misc.Unsafe.getLong(Ljava/lang/Object;J)J @ 5 c2
Event: 0.652 Thread 0x000002003a9f0000 DEOPT PACKING pc=0x000002004ac0a000 sp=0x00000060836fee60
Event: 0.652 Thread 0x000002003a9f0000 DEOPT UNPACKING pc=0x000002004313b3af sp=0x00000060836fedf8 mode 2
Event: 0.669 Thread 0x000002003a9f0000 DEOPT PACKING pc=0x00000200436fe993 sp=0x00000060836fdb80
Event: 0.669 Thread 0x000002003a9f0000 DEOPT UNPACKING pc=0x000002004313bb5e sp=0x00000060836fcfe0 mode 0
Event: 1.140 Thread 0x000002003a9f0000 Uncommon trap: trap_request=0xffffff4d fr.pc=0x000002004ac03220 relative=0x00000000000006e0
Event: 1.140 Thread 0x000002003a9f0000 Uncommon trap: reason=unstable_if action=reinterpret pc=0x000002004ac03220 method=java.lang.Integer.getChars(II[B)I @ 25 c2
Event: 1.140 Thread 0x000002003a9f0000 DEOPT PACKING pc=0x000002004ac03220 sp=0x00000060836fe440
Event: 1.140 Thread 0x000002003a9f0000 DEOPT UNPACKING pc=0x000002004313b3af sp=0x00000060836fe398 mode 2

Classes redefined (0 events):
No events

Internal exceptions (16 events):
Event: 0.313 Thread 0x000002003a9f0000 Exception <a 'java/lang/NoSuchMethodError'{0x00000007137f6748}: 'void java.lang.invoke.DelegatingMethodHandle$Holder.delegate(java.lang.Object, java.lang.Object, int, java.lang.Object)'> (0x00000007137f6748) thrown at [./src/hotspot/share/interpreter/linkResolver.cpp, line 773]
Event: 0.314 Thread 0x000002003a9f0000 Exception <a 'java/lang/NoSuchMethodError'{0x00000007137fda18}: 'java.lang.Object java.lang.invoke.DirectMethodHandle$Holder.invokeStaticInit(java.lang.Object, java.lang.Object, java.lang.Object)'> (0x00000007137fda18) thrown at [./src/hotspot/share/interpreter/linkResolver.cpp, line 773]
Event: 0.319 Thread 0x000002003a9f0000 Exception <a 'java/lang/NoSuchMethodError'{0x0000000713649348}: 'int java.lang.invoke.DirectMethodHandle$Holder.invokeSpecialIFC(java.lang.Object, java.lang.Object, int)'> (0x0000000713649348) thrown at [./src/hotspot/share/interpreter/linkResolver.cpp, line 773]
Event: 0.347 Thread 0x000002003a9f0000 Exception <a 'sun/nio/fs/WindowsException'{0x00000007136fba80}> (0x00000007136fba80) thrown at [./src/hotspot/share/prims/jni.cpp, line 615]
Event: 0.348 Thread 0x000002003a9f0000 Exception <a 'sun/nio/fs/WindowsException'{0x00000007136fd0a0}> (0x00000007136fd0a0) thrown at [./src/hotspot/share/prims/jni.cpp, line 615]
Event: 0.370 Thread 0x000002003a9f0000 Exception <a 'java/lang/NoSuchMethodError'{0x00000007135fef70}: 'int java.lang.invoke.DirectMethodHandle$Holder.invokeStaticInit(java.lang.Object, java.lang.Object, int, long)'> (0x00000007135fef70) thrown at [./src/hotspot/share/interpreter/linkResolver.cpp, line 773]
Event: 0.370 Thread 0x000002003a9f0000 Exception <a 'java/lang/NoSuchMethodError'{0x0000000713404f20}: 'java.lang.Object java.lang.invoke.Invokers$Holder.linkToTargetMethod(java.lang.Object, int, java.lang.Object)'> (0x0000000713404f20) thrown at [./src/hotspot/share/interpreter/linkResolver.cpp, line 773]
Event: 0.372 Thread 0x000002003a9f0000 Exception <a 'java/lang/NoSuchMethodError'{0x000000071341d888}: 'int java.lang.invoke.DirectMethodHandle$Holder.invokeStaticInit(java.lang.Object, java.lang.Object, long, long)'> (0x000000071341d888) thrown at [./src/hotspot/share/interpreter/linkResolver.cpp, line 773]
Event: 0.373 Thread 0x000002003a9f0000 Exception <a 'java/lang/NoSuchMethodError'{0x0000000713429140}: 'java.lang.Object java.lang.invoke.Invokers$Holder.linkToTargetMethod(java.lang.Object, long, java.lang.Object)'> (0x0000000713429140) thrown at [./src/hotspot/share/interpreter/linkResolver.cpp, line 773]
Event: 0.373 Thread 0x000002003a9f0000 Exception <a 'java/lang/NoSuchMethodError'{0x000000071342f330}: 'int java.lang.invoke.DirectMethodHandle$Holder.invokeStaticInit(java.lang.Object, java.lang.Object, java.lang.Object, long)'> (0x000000071342f330) thrown at [./src/hotspot/share/interpreter/linkResolver.cpp, line 773]
Event: 0.393 Thread 0x000002003a9f0000 Exception <a 'sun/nio/fs/WindowsException'{0x00000007133f4dc8}> (0x00000007133f4dc8) thrown at [./src/hotspot/share/prims/jni.cpp, line 615]
Event: 0.393 Thread 0x000002003a9f0000 Exception <a 'sun/nio/fs/WindowsException'{0x00000007133f5128}> (0x00000007133f5128) thrown at [./src/hotspot/share/prims/jni.cpp, line 615]
Event: 0.561 Thread 0x000002003a9f0000 Exception <a 'sun/nio/fs/WindowsException'{0x000000071310bd10}> (0x000000071310bd10) thrown at [./src/hotspot/share/prims/jni.cpp, line 615]
Event: 0.561 Thread 0x000002003a9f0000 Exception <a 'sun/nio/fs/WindowsException'{0x000000071310c0a0}> (0x000000071310c0a0) thrown at [./src/hotspot/share/prims/jni.cpp, line 615]
Event: 0.565 Thread 0x000002003a9f0000 Exception <a 'sun/nio/fs/WindowsException'{0x0000000713131fe8}> (0x0000000713131fe8) thrown at [./src/hotspot/share/prims/jni.cpp, line 615]
Event: 0.565 Thread 0x000002003a9f0000 Exception <a 'sun/nio/fs/WindowsException'{0x00000007131322b8}> (0x00000007131322b8) thrown at [./src/hotspot/share/prims/jni.cpp, line 615]

Events (20 events):
Event: 13.735 Executing VM operation: GetOrSetLocal
Event: 13.736 Executing VM operation: GetOrSetLocal done
Event: 13.736 Executing VM operation: GetOrSetLocal
Event: 13.736 Executing VM operation: GetOrSetLocal done
Event: 13.741 Executing VM operation: GetFrameCount
Event: 13.741 Executing VM operation: GetFrameCount done
Event: 13.741 Executing VM operation: GetStackTrace
Event: 13.742 Executing VM operation: GetStackTrace done
Event: 14.523 Executing VM operation: GetFrameCount
Event: 14.523 Executing VM operation: GetFrameCount done
Event: 14.523 Executing VM operation: SetFramePop
Event: 14.523 Executing VM operation: SetFramePop done
Event: 14.524 Executing VM operation: GetFrameLocation
Event: 14.524 Executing VM operation: GetFrameLocation done
Event: 14.524 Executing VM operation: GetCurrentLocation
Event: 14.524 Executing VM operation: GetCurrentLocation done
Event: 14.524 Executing VM operation: ChangeSingleStep
Event: 14.524 Executing VM operation: ChangeSingleStep done
Event: 14.525 Executing VM operation: ChangeSingleStep
Event: 14.525 Executing VM operation: ChangeSingleStep done


Dynamic libraries:
0x00007ff6d4d40000 - 0x00007ff6d4d4d000 	C:\Program Files\AdoptOpenJDK\jdk-11.0.11.9-hotspot\bin\java.exe
0x00007ffc13140000 - 0x00007ffc13349000 	C:\WINDOWS\SYSTEM32\ntdll.dll
0x00007ffc12e00000 - 0x00007ffc12ebd000 	C:\WINDOWS\System32\KERNEL32.DLL
0x00007ffc10ae0000 - 0x00007ffc10e59000 	C:\WINDOWS\System32\KERNELBASE.dll
0x00007ffc10620000 - 0x00007ffc10731000 	C:\WINDOWS\System32\ucrtbase.dll
0x00007ffc08440000 - 0x00007ffc08455000 	C:\Program Files\AdoptOpenJDK\jdk-11.0.11.9-hotspot\bin\VCRUNTIME140.dll
0x00007ffc07b40000 - 0x00007ffc07b57000 	C:\Program Files\AdoptOpenJDK\jdk-11.0.11.9-hotspot\bin\jli.dll
0x00007ffc11190000 - 0x00007ffc1133c000 	C:\WINDOWS\System32\USER32.dll
0x00007ffc10980000 - 0x00007ffc109a6000 	C:\WINDOWS\System32\win32u.dll
0x00007ffbf7920000 - 0x00007ffbf7bc5000 	C:\WINDOWS\WinSxS\amd64_microsoft.windows.common-controls_6595b64144ccf1df_6.0.22000.120_none_9d947278b86cc467\COMCTL32.dll
0x00007ffc12cf0000 - 0x00007ffc12d19000 	C:\WINDOWS\System32\GDI32.dll
0x00007ffc11cc0000 - 0x00007ffc11d63000 	C:\WINDOWS\System32\msvcrt.dll
0x00007ffc107c0000 - 0x00007ffc108d2000 	C:\WINDOWS\System32\gdi32full.dll
0x00007ffc108e0000 - 0x00007ffc1097d000 	C:\WINDOWS\System32\msvcp_win.dll
0x00007ffc11fa0000 - 0x00007ffc11fd1000 	C:\WINDOWS\System32\IMM32.DLL
0x00007ffc00bd0000 - 0x00007ffc00c6b000 	C:\Program Files\AdoptOpenJDK\jdk-11.0.11.9-hotspot\bin\msvcp140.dll
0x00007ffbaa420000 - 0x00007ffbaaf6b000 	C:\Program Files\AdoptOpenJDK\jdk-11.0.11.9-hotspot\bin\server\jvm.dll
0x00007ffc12ec0000 - 0x00007ffc12f6e000 	C:\WINDOWS\System32\ADVAPI32.dll
0x00007ffc11d70000 - 0x00007ffc11e0e000 	C:\WINDOWS\System32\sechost.dll
0x00007ffc10fd0000 - 0x00007ffc110f0000 	C:\WINDOWS\System32\RPCRT4.dll
0x00007ffc11180000 - 0x00007ffc11188000 	C:\WINDOWS\System32\PSAPI.DLL
0x00007ffbe2540000 - 0x00007ffbe2549000 	C:\WINDOWS\SYSTEM32\WSOCK32.dll
0x00007ffc048c0000 - 0x00007ffc048ca000 	C:\WINDOWS\SYSTEM32\VERSION.dll
0x00007ffc05430000 - 0x00007ffc05463000 	C:\WINDOWS\SYSTEM32\WINMM.dll
0x00007ffc12370000 - 0x00007ffc123df000 	C:\WINDOWS\System32\WS2_32.dll
0x00007ffc0f7d0000 - 0x00007ffc0f7e8000 	C:\WINDOWS\SYSTEM32\kernel.appcore.dll
0x00007ffc08c90000 - 0x00007ffc08ca0000 	C:\Program Files\AdoptOpenJDK\jdk-11.0.11.9-hotspot\bin\verify.dll
0x00007ffc0e200000 - 0x00007ffc0e421000 	C:\WINDOWS\SYSTEM32\DBGHELP.DLL
0x00007ffbfbe40000 - 0x00007ffbfbe71000 	C:\WINDOWS\SYSTEM32\dbgcore.DLL
0x00007ffc10740000 - 0x00007ffc107bf000 	C:\WINDOWS\System32\bcryptPrimitives.dll
0x00007ffc07ae0000 - 0x00007ffc07b08000 	C:\Program Files\AdoptOpenJDK\jdk-11.0.11.9-hotspot\bin\java.dll
0x00007ffc08c20000 - 0x00007ffc08c2a000 	C:\Program Files\AdoptOpenJDK\jdk-11.0.11.9-hotspot\bin\jimage.dll
0x00007ffc02f30000 - 0x00007ffc02f68000 	C:\Program Files\AdoptOpenJDK\jdk-11.0.11.9-hotspot\bin\jdwp.dll
0x00007ffc07ab0000 - 0x00007ffc07abe000 	C:\Program Files\AdoptOpenJDK\jdk-11.0.11.9-hotspot\bin\instrument.dll
0x00007ffc07ac0000 - 0x00007ffc07ad7000 	C:\Program Files\AdoptOpenJDK\jdk-11.0.11.9-hotspot\bin\zip.dll
0x00007ffc113a0000 - 0x00007ffc11b58000 	C:\WINDOWS\System32\SHELL32.dll
0x00007ffc0e760000 - 0x00007ffc0efc8000 	C:\WINDOWS\SYSTEM32\windows.storage.dll
0x00007ffc11fe0000 - 0x00007ffc12359000 	C:\WINDOWS\System32\combase.dll
0x00007ffc0e5f0000 - 0x00007ffc0e756000 	C:\WINDOWS\SYSTEM32\wintypes.dll
0x00007ffc12ff0000 - 0x00007ffc130da000 	C:\WINDOWS\System32\SHCORE.dll
0x00007ffc12d20000 - 0x00007ffc12d7d000 	C:\WINDOWS\System32\shlwapi.dll
0x00007ffc10550000 - 0x00007ffc10571000 	C:\WINDOWS\SYSTEM32\profapi.dll
0x00007ffc06a20000 - 0x00007ffc06a2a000 	C:\Program Files\AdoptOpenJDK\jdk-11.0.11.9-hotspot\bin\dt_socket.dll
0x00007ffc0fbf0000 - 0x00007ffc0fc57000 	C:\WINDOWS\system32\mswsock.dll
0x00007ffc057f0000 - 0x00007ffc05809000 	C:\Program Files\AdoptOpenJDK\jdk-11.0.11.9-hotspot\bin\net.dll
0x00007ffc05320000 - 0x00007ffc0542c000 	C:\WINDOWS\SYSTEM32\WINHTTP.dll
0x00007ffc056f0000 - 0x00007ffc05702000 	C:\Program Files\AdoptOpenJDK\jdk-11.0.11.9-hotspot\bin\nio.dll
0x00007ffbff820000 - 0x00007ffbff895000 	C:\Users\alex\AppData\Local\Temp\lwjglalex\3.3.1-build-7\lwjgl.dll
0x00007ffc00b60000 - 0x00007ffc00bc1000 	C:\Users\alex\AppData\Local\Temp\lwjglalex\3.3.1-build-7\glfw.dll
0x00007ffc00ce0000 - 0x00007ffc00d25000 	C:\WINDOWS\SYSTEM32\dinput8.dll
0x00007ffc05620000 - 0x00007ffc05631000 	C:\WINDOWS\SYSTEM32\xinput1_4.dll
0x00007ffc102f0000 - 0x00007ffc1033c000 	C:\WINDOWS\SYSTEM32\cfgmgr32.dll
0x00007ffc10340000 - 0x00007ffc1036c000 	C:\WINDOWS\SYSTEM32\DEVOBJ.dll
0x00007ffc0dde0000 - 0x00007ffc0de0f000 	C:\WINDOWS\SYSTEM32\dwmapi.dll
0x00007ffbecfa0000 - 0x00007ffbed169000 	C:\WINDOWS\SYSTEM32\inputhost.dll
0x00007ffc09570000 - 0x00007ffc096a2000 	C:\WINDOWS\SYSTEM32\CoreMessaging.dll
0x00007ffc09cd0000 - 0x00007ffc09d7c000 	C:\WINDOWS\system32\uxtheme.dll
0x00007ffc12bd0000 - 0x00007ffc12cee000 	C:\WINDOWS\System32\MSCTF.dll
0x00007ffc0fde0000 - 0x00007ffc0fdec000 	C:\WINDOWS\SYSTEM32\CRYPTBASE.DLL
0x00007ffbe7940000 - 0x00007ffbe7a41000 	C:\WINDOWS\SYSTEM32\opengl32.dll
0x00007ffbf8af0000 - 0x00007ffbf8b1d000 	C:\WINDOWS\SYSTEM32\GLU32.dll
0x00007ffc0da00000 - 0x00007ffc0da38000 	C:\WINDOWS\SYSTEM32\dxcore.dll
0x00007ffc07910000 - 0x00007ffc07954000 	C:\WINDOWS\SYSTEM32\directxdatabasehelper.dll
0x00007ffc0dca0000 - 0x00007ffc0dcd4000 	C:\WINDOWS\SYSTEM32\ntmarta.dll
0x00007ffc11e10000 - 0x00007ffc11ebf000 	C:\WINDOWS\System32\clbcatq.dll
0x00007ffba5890000 - 0x00007ffba6895000 	C:\WINDOWS\System32\DriverStore\FileRepository\iigd_dch.inf_amd64_4be767c332df1d04\ig9icd64.dll
0x00007ffc123f0000 - 0x00007ffc1258a000 	C:\WINDOWS\System32\ole32.dll
0x00007ffc09e40000 - 0x00007ffc09f33000 	C:\WINDOWS\system32\dxgi.dll
0x00007ffb91f50000 - 0x00007ffb9233c000 	C:\WINDOWS\System32\DriverStore\FileRepository\iigd_dch.inf_amd64_4be767c332df1d04\igdml64.dll
0x00007ffc01750000 - 0x00007ffc01a18000 	C:\WINDOWS\System32\DriverStore\FileRepository\iigd_dch.inf_amd64_4be767c332df1d04\igdgmm64.dll
0x00007ffbbf5b0000 - 0x00007ffbc2152000 	C:\WINDOWS\System32\DriverStore\FileRepository\iigd_dch.inf_amd64_4be767c332df1d04\igc64.dll
0x00007ffc0efe0000 - 0x00007ffc0f02d000 	C:\WINDOWS\SYSTEM32\powrprof.dll
0x00007ffc0f0d0000 - 0x00007ffc0f0e3000 	C:\WINDOWS\SYSTEM32\UMPDC.dll
0x00007ffbfe5a0000 - 0x00007ffbfe6cd000 	C:\WINDOWS\SYSTEM32\textinputframework.dll
0x00007ffc11ec0000 - 0x00007ffc11f96000 	C:\WINDOWS\System32\OLEAUT32.dll
0x00007ffc06e00000 - 0x00007ffc0716d000 	C:\WINDOWS\SYSTEM32\CoreUIComponents.dll
0x00007ffbff7c0000 - 0x00007ffbff81d000 	C:\Users\alex\AppData\Local\Temp\lwjglalex\3.3.1-build-7\lwjgl_opengl.dll

dbghelp: loaded successfully - version: 4.0.5 - missing functions: none
symbol engine: initialized successfully - sym options: 0x614 - pdb path: .;C:\Program Files\AdoptOpenJDK\jdk-11.0.11.9-hotspot\bin;C:\WINDOWS\SYSTEM32;C:\WINDOWS\WinSxS\amd64_microsoft.windows.common-controls_6595b64144ccf1df_6.0.22000.120_none_9d947278b86cc467;C:\Program Files\AdoptOpenJDK\jdk-11.0.11.9-hotspot\bin\server;C:\Users\alex\AppData\Local\Temp\lwjglalex\3.3.1-build-7;C:\WINDOWS\System32\DriverStore\FileRepository\iigd_dch.inf_amd64_4be767c332df1d04

VM Arguments:
jvm_args: -agentlib:jdwp=transport=dt_socket,address=127.0.0.1:62084,suspend=y,server=n -javaagent:C:\Users\alex\AppData\Local\JetBrains\IntelliJIdea2021.2\captureAgent\debugger-agent.jar -Dfile.encoding=UTF-8 
java_command: projekt.Projekt
java_class_path (initial): C:\dev\HTW\CG\computer-graphics-excercise\out\production\computer-graphics-excercise;C:\dev\HTW\CG\computer-graphics-excercise\lib\lwjgl-glfw-natives-linux-arm32.jar;C:\dev\HTW\CG\computer-graphics-excercise\lib\lwjgl-glfw-natives-linux-arm64.jar;C:\dev\HTW\CG\computer-graphics-excercise\lib\lwjgl-glfw-natives-linux.jar;C:\dev\HTW\CG\computer-graphics-excercise\lib\lwjgl-glfw-natives-macos-arm64.jar;C:\dev\HTW\CG\computer-graphics-excercise\lib\lwjgl-glfw-natives-macos.jar;C:\dev\HTW\CG\computer-graphics-excercise\lib\lwjgl-glfw-natives-windows-arm64.jar;C:\dev\HTW\CG\computer-graphics-excercise\lib\lwjgl-glfw-natives-windows-x86.jar;C:\dev\HTW\CG\computer-graphics-excercise\lib\lwjgl-glfw-natives-windows.jar;C:\dev\HTW\CG\computer-graphics-excercise\lib\lwjgl-glfw.jar;C:\dev\HTW\CG\computer-graphics-excercise\lib\lwjgl-natives-linux-arm32.jar;C:\dev\HTW\CG\computer-graphics-excercise\lib\lwjgl-natives-linux-arm64.jar;C:\dev\HTW\CG\computer-graphics-excercise\lib\lwjgl-natives-linux.jar;C:\dev\HTW\CG\computer-graphics-excercise\lib\lwjgl-natives-macos-arm64.jar;C:\dev\HTW\CG\computer-graphics-excercise\lib\lwjgl-natives-macos.jar;C:\dev\HTW\CG\computer-graphics-excercise\lib\lwjgl-natives-windows-arm64.jar;C:\dev\HTW\CG\computer-graphics-excercise\lib\lwjgl-natives-windows-x86.jar;C:\dev\HTW\CG\computer-graphics-excercise\lib\lwjgl-natives-windows.jar;C:\dev\HTW\CG\computer-graphics-excercise\lib\lwjgl-opengl-natives-linux-arm32.jar;C:\dev\HTW\CG\computer-graphics-excercise\lib\lwjgl-opengl-natives-linux-arm64.jar;C:\dev\HTW\CG\computer-graphics-excercise\lib\lwjgl-opengl-natives-linux.jar;C:\dev\HTW\CG\computer-graphics-excercise\lib\lwjgl-opengl-natives-macos-arm64.jar;C:\dev\HTW\CG\computer-graphics-excercise\lib\lwjgl-opengl-natives-macos.jar;C:\dev\HTW\CG\computer-graphics-excercise\lib\lwjgl-opengl-natives-windows-arm64.jar;C:\dev\HTW\CG\computer-graphics-excercise\lib\lwjgl-opengl-natives-windows-x86.jar;C:\dev\HTW\CG\computer-gra
Launcher Type: SUN_STANDARD

[Global flags]
     intx CICompilerCount                          = 4                                         {product} {ergonomic}
     uint ConcGCThreads                            = 3                                         {product} {ergonomic}
     uint G1ConcRefinementThreads                  = 10                                        {product} {ergonomic}
   size_t G1HeapRegionSize                         = 1048576                                   {product} {ergonomic}
    uintx GCDrainStackTargetSize                   = 64                                        {product} {ergonomic}
   size_t InitialHeapSize                          = 264241152                                 {product} {ergonomic}
   size_t MarkStackSize                            = 4194304                                   {product} {ergonomic}
   size_t MaxHeapSize                              = 4225761280                                {product} {ergonomic}
   size_t MaxNewSize                               = 2535456768                                {product} {ergonomic}
   size_t MinHeapDeltaBytes                        = 1048576                                   {product} {ergonomic}
    uintx NonNMethodCodeHeapSize                   = 5836300                                {pd product} {ergonomic}
    uintx NonProfiledCodeHeapSize                  = 122910970                              {pd product} {ergonomic}
    uintx ProfiledCodeHeapSize                     = 122910970                              {pd product} {ergonomic}
    uintx ReservedCodeCacheSize                    = 251658240                              {pd product} {ergonomic}
     bool SegmentedCodeCache                       = true                                      {product} {ergonomic}
     bool UseCompressedClassPointers               = true                                 {lp64_product} {ergonomic}
     bool UseCompressedOops                        = true                                 {lp64_product} {ergonomic}
     bool UseG1GC                                  = true                                      {product} {ergonomic}
     bool UseLargePagesIndividualAllocation        = false                                  {pd product} {ergonomic}

Logging:
Log output configuration:
 #0: stdout all=warning uptime,level,tags
 #1: stderr all=off uptime,level,tags

Environment Variables:
PATH=C:\Program Files (x86)\Common Files\Intel\Shared Libraries\redist\intel64\compiler;C:\Program Files\AdoptOpenJDK\jdk-11.0.11.9-hotspot\bin;C:\ProgramData\DockerDesktop\version-bin;C:\Program Files\Docker\Docker\Resources\bin;C:\Program Files (x86)\Common Files\Oracle\Java\javapath;C:\Windows\system32;C:\Windows;C:\Windows\System32\Wbem;C:\Windows\System32\WindowsPowerShell\v1.0\;C:\Windows\System32\OpenSSH\;C:\Program Files\Git\cmd;C:\Program Files\PuTTY\;C:\Program Files (x86)\Yarn\bin\;C:\WINDOWS\system32;C:\WINDOWS;C:\WINDOWS\System32\Wbem;C:\WINDOWS\System32\WindowsPowerShell\v1.0\;C:\WINDOWS\System32\OpenSSH\;C:\Program Files\dotnet\;C:\Program Files\NVIDIA Corporation\NVIDIA NvDLISR;C:\Program Files\nodejs\;C:\Users\alex\AppData\Local\Programs\Python\Python38-32\Scripts\;C:\Users\alex\AppData\Local\Programs\Python\Python38-32\;C:\Users\alex\AppData\Local\Microsoft\WindowsApps;C:\Users\alex\AppData\Local\Programs\Microsoft VS Code\bin;C:\Users\alex\AppData\Local\Yarn\bin;C:\Program Files\JetBrains\IntelliJ IDEA 2021.2.2\bin;C:\Program Files\whois;C:\Users\alex\.dotnet\tools;C:\Users\alex\AppData\Roaming\npm
USERNAME=alex
OS=Windows_NT
PROCESSOR_IDENTIFIER=Intel64 Family 6 Model 158 Stepping 10, GenuineIntel



---------------  S Y S T E M  ---------------

OS: Windows 10 , 64 bit Build 22000 (10.0.22000.708)
OS uptime: 3 days 23:07 hours
Hyper-V role detected

CPU:total 12 (initial active 12) (6 cores per cpu, 2 threads per core) family 6 model 158 stepping 10 microcode 0xde, cmov, cx8, fxsr, mmx, sse, sse2, sse3, ssse3, sse4.1, sse4.2, popcnt, avx, avx2, aes, clmul, erms, 3dnowpref, lzcnt, ht, tsc, tscinvbit, bmi1, bmi2, adx, fma

Memory: 4k page, system-wide physical 16118M (2674M free)
TotalPageFile size 30454M (AvailPageFile size 8963M)
current process WorkingSet (physical memory assigned to process): 125M, peak: 125M
current process commit charge ("private bytes"): 381M, peak: 381M

vm_info: OpenJDK 64-Bit Server VM (11.0.11+9) for windows-amd64 JRE (11.0.11+9), built on Apr 20 2021 21:22:09 by "" with MS VC++ 15.9 (VS2017)

END.
