#
# A fatal error has been detected by the Java Runtime Environment:
#
#  EXCEPTION_ACCESS_VIOLATION (0xc0000005) at pc=0x00007ffba590c991, pid=12160, tid=18364
#
# JRE version: OpenJDK Runtime Environment AdoptOpenJDK-11.0.11+9 (11.0.11+9) (build 11.0.11+9)
# Java VM: OpenJDK 64-Bit Server VM AdoptOpenJDK-11.0.11+9 (11.0.11+9, mixed mode, tiered, compressed oops, g1 gc, windows-amd64)
# Problematic frame:
# C  [ig9icd64.dll+0x7c991]
#
# No core dump will be written. Minidumps are not enabled by default on client versions of Windows
#
# If you would like to submit a bug report, please visit:
#   https://github.com/AdoptOpenJDK/openjdk-support/issues
# The crash happened outside the Java Virtual Machine in native code.
# See problematic frame for where to report the bug.
#

---------------  S U M M A R Y ------------

Command Line: -javaagent:C:\Program Files\JetBrains\IntelliJ IDEA 2021.2.2\lib\idea_rt.jar=62070:C:\Program Files\JetBrains\IntelliJ IDEA 2021.2.2\bin -Dfile.encoding=UTF-8 projekt.Projekt

Host: Intel(R) Core(TM) i7-9750H CPU @ 2.60GHz, 12 cores, 15G,  Windows 10 , 64 bit Build 22000 (10.0.22000.708)
Time: Thu Jun 30 12:15:29 2022 Mitteleuropäische Sommerzeit elapsed time: 0.627971 seconds (0d 0h 0m 0s)

---------------  T H R E A D  ---------------

Current thread (0x00000296e3143000):  JavaThread "main" [_thread_in_native, id=18364, stack(0x000000cf97f00000,0x000000cf98000000)]

Stack: [0x000000cf97f00000,0x000000cf98000000],  sp=0x000000cf97ffe390,  free space=1016k
Native frames: (J=compiled Java code, j=interpreted, Vv=VM code, C=native code)
C  [ig9icd64.dll+0x7c991]

Java frames: (J=compiled Java code, j=interpreted, Vv=VM code)
j  org.lwjgl.opengl.GL11C.nglTexImage2D(IIIIIIIIJ)V+0
j  org.lwjgl.opengl.GL11C.glTexImage2D(IIIIIIIILjava/nio/ByteBuffer;)V+17
j  org.lwjgl.opengl.GL11.glTexImage2D(IIIIIIIILjava/nio/ByteBuffer;)V+14
j  projekt.Texture.<init>(Ljava/lang/String;[FLprojekt/util/VaoProgram;Llenz/opengl/ShaderProgram;)V+215
j  projekt.HandmadePyramid.init()V+1116
j  projekt.HandmadePyramid.<init>(Llenz/opengl/ShaderProgram;)V+6
j  projekt.Projekt.init()V+50
j  lenz.opengl.AbstractOpenGLBase.start(Ljava/lang/String;II)V+45
j  projekt.Projekt.main([Ljava/lang/String;)V+15
v  ~StubRoutines::call_stub

siginfo: EXCEPTION_ACCESS_VIOLATION (0xc0000005), reading address 0x0000029690764000


Register to memory mapping:

RIP=0x00007ffba590c991 ig9icd64.dll
RAX=0x00000000000041ad is an unknown value
RBX=0x000002968bcd0000 points into unknown readable memory: 0xff00ff06ff00ff06 | 06 ff 00 ff 06 ff 00 ff
RCX=0x0 is NULL
RDX=0x0000029690763fd0 is an unknown value
RSP=0x000000cf97ffe390 is pointing into the stack for thread: 0x00000296e3143000
RBP=0x000000cf97ffe4c0 is pointing into the stack for thread: 0x00000296e3143000
RSI=0x000002968bcd0000 points into unknown readable memory: 0xff00ff06ff00ff06 | 06 ff 00 ff 06 ff 00 ff
RDI=0x000002968bedd680 points into unknown readable memory: 0x0000000000000000 | 00 00 00 00 00 00 00 00
R8 =0x0000000000300000 is an unknown value
R9 =0x0000000000006000 is an unknown value
R10=0x00000000000041ae is an unknown value
R11=0x000002968fd9ee54 points into unknown readable memory: 00 00 00 00
R12=0x00007ffba5890000 ig9icd64.dll
R13=0x00000000000001c1 is an unknown value
R14=0x000000cf97ffe5b0 is pointing into the stack for thread: 0x00000296e3143000
R15=0x0 is NULL


Registers:
RAX=0x00000000000041ad, RBX=0x000002968bcd0000, RCX=0x0000000000000000, RDX=0x0000029690763fd0
RSP=0x000000cf97ffe390, RBP=0x000000cf97ffe4c0, RSI=0x000002968bcd0000, RDI=0x000002968bedd680
R8 =0x0000000000300000, R9 =0x0000000000006000, R10=0x00000000000041ae, R11=0x000002968fd9ee54
R12=0x00007ffba5890000, R13=0x00000000000001c1, R14=0x000000cf97ffe5b0, R15=0x0000000000000000
RIP=0x00007ffba590c991, EFLAGS=0x0000000000010203

Top of Stack: (sp=0x000000cf97ffe390)
0x000000cf97ffe390:   0000000000000000 0000000000000000
0x000000cf97ffe3a0:   0000000000000000 0000000000000000
0x000000cf97ffe3b0:   0000029690556950 00007ffba62793cb
0x000000cf97ffe3c0:   0000000000000001 000000cf97ffe4c0
0x000000cf97ffe3d0:   0000029690556950 0000000000000000
0x000000cf97ffe3e0:   000002969052002a 00007ffb00000001
0x000000cf97ffe3f0:   0000029690556950 000002968a262f00
0x000000cf97ffe400:   000002968a253460 0000000000000002
0x000000cf97ffe410:   00007ffba658fcd0 000002968fd85fc0
0x000000cf97ffe420:   0000040000000400 0000002a00000000
0x000000cf97ffe430:   00000c0000000003 0000029690556950
0x000000cf97ffe440:   000000038fdb002a 000000cf00000c00
0x000000cf97ffe450:   000002968bcd0000 00007ffba58daae5
0x000000cf97ffe460:   000002968a262f90 000000cf97ffe4e0
0x000000cf97ffe470:   000002968ffb11a0 000000cf97ffe4e0
0x000000cf97ffe480:   000000cf97ffe530 000002968a12b550 

Instructions: (pc=0x00007ffba590c991)
0x00007ffba590c891:   f3 0f 6f 02 49 03 d1 66 0f f7 c1 49 03 f9 41 8b
0x00007ffba590c8a1:   c1 44 8b d1 4c 2b c0 0f 29 74 24 10 4d 8b c8 0f
0x00007ffba590c8b1:   29 3c 24 49 c1 e9 07 f6 c2 0f 0f 84 af 00 00 00
0x00007ffba590c8c1:   4d 85 c9 74 6b 66 66 0f 1f 84 00 00 00 00 00 f3
0x00007ffba590c8d1:   0f 6f 02 41 ff c2 f3 0f 6f 4a 10 41 8b c2 f3 0f
0x00007ffba590c8e1:   6f 52 20 f3 0f 6f 5a 30 f3 0f 6f 62 40 f3 0f 6f
0x00007ffba590c8f1:   6a 50 f3 0f 6f 72 60 f3 0f 6f 7a 70 66 0f e7 07
0x00007ffba590c901:   66 0f e7 4f 10 66 0f e7 57 20 66 0f e7 5f 30 66
0x00007ffba590c911:   0f e7 67 40 66 0f e7 6f 50 66 0f e7 77 60 66 0f
0x00007ffba590c921:   e7 7f 70 48 83 ef 80 48 83 ea 80 49 3b c1 72 9f
0x00007ffba590c931:   41 83 e0 7f 0f 84 e0 00 00 00 45 8b d0 44 8b c9
0x00007ffba590c941:   49 c1 ea 04 4d 85 d2 0f 84 cd 00 00 00 66 90 f3
0x00007ffba590c951:   0f 6f 02 41 ff c1 48 83 c2 10 41 8b c1 66 0f e7
0x00007ffba590c961:   07 48 83 c7 10 49 3b c2 72 e5 e9 ab 00 00 00 4d
0x00007ffba590c971:   85 c9 74 6c 66 66 66 0f 1f 84 00 00 00 00 00 f3
0x00007ffba590c981:   0f 6f 02 41 ff c2 f3 0f 6f 4a 10 f3 0f 6f 52 20
0x00007ffba590c991:   f3 0f 6f 5a 30 f3 0f 6f 62 40 f3 0f 6f 6a 50 f3
0x00007ffba590c9a1:   0f 6f 72 60 f3 0f 6f 7a 70 48 83 ea 80 66 0f e7
0x00007ffba590c9b1:   07 66 0f e7 4f 10 66 0f e7 57 20 66 0f e7 5f 30
0x00007ffba590c9c1:   66 0f e7 67 40 66 0f e7 6f 50 66 0f e7 77 60 66
0x00007ffba590c9d1:   0f e7 7f 70 48 83 ef 80 41 8b c2 49 3b c1 72 9f
0x00007ffba590c9e1:   41 83 e0 7f 74 34 45 8b d0 44 8b c9 49 c1 ea 04
0x00007ffba590c9f1:   4d 85 d2 74 25 66 66 0f 1f 84 00 00 00 00 00 f3
0x00007ffba590ca01:   0f 6f 02 41 ff c1 66 0f e7 07 48 83 c7 10 41 8b
0x00007ffba590ca11:   c1 48 83 c2 10 49 3b c2 72 e5 0f 28 74 24 10 0f
0x00007ffba590ca21:   28 3c 24 41 83 e0 0f 74 49 45 8b d0 44 8b c9 49
0x00007ffba590ca31:   c1 ea 02 4d 85 d2 74 1e 0f 1f 80 00 00 00 00 8b
0x00007ffba590ca41:   02 41 ff c1 89 07 48 83 c2 04 48 83 c7 04 41 8b
0x00007ffba590ca51:   c1 49 3b c2 72 e9 41 83 e0 03 76 16 48 2b d7 0f
0x00007ffba590ca61:   b6 04 3a ff c1 88 07 48 8d 7f 01 8b c1 49 3b c0
0x00007ffba590ca71:   72 ed 48 83 c4 20 5f c3 cc cc cc cc cc cc cc 40
0x00007ffba590ca81:   53 48 83 ec 20 48 8b da 48 8b d1 48 8b 0b 48 85 


Stack slot to memory mapping:
stack at sp + 0 slots: 0x0 is NULL
stack at sp + 1 slots: 0x0 is NULL
stack at sp + 2 slots: 0x0 is NULL
stack at sp + 3 slots: 0x0 is NULL
stack at sp + 4 slots: 0x0000029690556950 points into unknown readable memory: 0xff00ff06ff00ff06 | 06 ff 00 ff 06 ff 00 ff
stack at sp + 5 slots: 0x00007ffba62793cb ig9icd64.dll
stack at sp + 6 slots: 0x0000000000000001 is an unknown value
stack at sp + 7 slots: 0x000000cf97ffe4c0 is pointing into the stack for thread: 0x00000296e3143000


---------------  P R O C E S S  ---------------

Threads class SMR info:
_java_thread_list=0x000002968a248250, length=12, elements={
0x00000296e3143000, 0x00000296ff1fa800, 0x00000296ffaa2000, 0x00000296ffafb800,
0x00000296ffafd000, 0x00000296ffb01000, 0x00000296ffb04000, 0x00000296ffb06000,
0x00000296ffb07000, 0x00000296ffaa0800, 0x0000029689f59000, 0x0000029690021000
}

Java Threads: ( => current thread )
=>0x00000296e3143000 JavaThread "main" [_thread_in_native, id=18364, stack(0x000000cf97f00000,0x000000cf98000000)]
  0x00000296ff1fa800 JavaThread "Reference Handler" daemon [_thread_blocked, id=17256, stack(0x000000cf98600000,0x000000cf98700000)]
  0x00000296ffaa2000 JavaThread "Finalizer" daemon [_thread_blocked, id=27036, stack(0x000000cf98700000,0x000000cf98800000)]
  0x00000296ffafb800 JavaThread "Signal Dispatcher" daemon [_thread_blocked, id=28320, stack(0x000000cf98800000,0x000000cf98900000)]
  0x00000296ffafd000 JavaThread "Attach Listener" daemon [_thread_blocked, id=11804, stack(0x000000cf98900000,0x000000cf98a00000)]
  0x00000296ffb01000 JavaThread "Service Thread" daemon [_thread_blocked, id=26856, stack(0x000000cf98a00000,0x000000cf98b00000)]
  0x00000296ffb04000 JavaThread "C2 CompilerThread0" daemon [_thread_blocked, id=28604, stack(0x000000cf98b00000,0x000000cf98c00000)]
  0x00000296ffb06000 JavaThread "C1 CompilerThread0" daemon [_thread_blocked, id=26252, stack(0x000000cf98c00000,0x000000cf98d00000)]
  0x00000296ffb07000 JavaThread "Sweeper thread" daemon [_thread_blocked, id=16140, stack(0x000000cf98d00000,0x000000cf98e00000)]
  0x00000296ffaa0800 JavaThread "Common-Cleaner" daemon [_thread_blocked, id=15844, stack(0x000000cf98e00000,0x000000cf98f00000)]
  0x0000029689f59000 JavaThread "Monitor Ctrl-Break" daemon [_thread_in_native, id=25228, stack(0x000000cf99000000,0x000000cf99100000)]
  0x0000029690021000 JavaThread "C2 CompilerThread1" daemon [_thread_blocked, id=23532, stack(0x000000cf98f00000,0x000000cf99000000)]

Other Threads:
  0x00000296ff1f8000 VMThread "VM Thread" [stack: 0x000000cf98500000,0x000000cf98600000] [id=26292]
  0x0000029689eb9800 WatcherThread [stack: 0x000000cf99100000,0x000000cf99200000] [id=21212]
  0x00000296e315b000 GCTaskThread "GC Thread#0" [stack: 0x000000cf98000000,0x000000cf98100000] [id=6688]
  0x00000296e31b5000 ConcurrentGCThread "G1 Main Marker" [stack: 0x000000cf98100000,0x000000cf98200000] [id=21032]
  0x00000296e31b6000 ConcurrentGCThread "G1 Conc#0" [stack: 0x000000cf98200000,0x000000cf98300000] [id=24420]
  0x00000296ff0e1800 ConcurrentGCThread "G1 Refine#0" [stack: 0x000000cf98300000,0x000000cf98400000] [id=2268]
  0x00000296ff0e2800 ConcurrentGCThread "G1 Young RemSet Sampling" [stack: 0x000000cf98400000,0x000000cf98500000] [id=10568]

Threads with active compile tasks:

VM state:not at safepoint (normal execution)

VM Mutex/Monitor currently owned by a thread: None

Heap address: 0x0000000704200000, size: 4030 MB, Compressed Oops mode: Zero based, Oop shift amount: 3
Narrow klass base: 0x0000000800000000, Narrow klass shift: 0
Compressed class space size: 1073741824 Address: 0x0000000800000000

Heap:
 garbage-first heap   total 258048K, used 16384K [0x0000000704200000, 0x0000000800000000)
  region size 1024K, 18 young (18432K), 0 survivors (0K)
 Metaspace       used 11405K, capacity 11716K, committed 12032K, reserved 1060864K
  class space    used 894K, capacity 983K, committed 1024K, reserved 1048576K
Heap Regions: E=young(eden), S=young(survivor), O=old, HS=humongous(starts), HC=humongous(continues), CS=collection set, F=free, A=archive, TAMS=top-at-mark-start (previous, next)
|   0|0x0000000704200000, 0x0000000704200000, 0x0000000704300000|  0%| F|  |TAMS 0x0000000704200000, 0x0000000704200000| Untracked 
|   1|0x0000000704300000, 0x0000000704300000, 0x0000000704400000|  0%| F|  |TAMS 0x0000000704300000, 0x0000000704300000| Untracked 
|   2|0x0000000704400000, 0x0000000704400000, 0x0000000704500000|  0%| F|  |TAMS 0x0000000704400000, 0x0000000704400000| Untracked 
|   3|0x0000000704500000, 0x0000000704500000, 0x0000000704600000|  0%| F|  |TAMS 0x0000000704500000, 0x0000000704500000| Untracked 
|   4|0x0000000704600000, 0x0000000704600000, 0x0000000704700000|  0%| F|  |TAMS 0x0000000704600000, 0x0000000704600000| Untracked 
|   5|0x0000000704700000, 0x0000000704700000, 0x0000000704800000|  0%| F|  |TAMS 0x0000000704700000, 0x0000000704700000| Untracked 
|   6|0x0000000704800000, 0x0000000704800000, 0x0000000704900000|  0%| F|  |TAMS 0x0000000704800000, 0x0000000704800000| Untracked 
|   7|0x0000000704900000, 0x0000000704900000, 0x0000000704a00000|  0%| F|  |TAMS 0x0000000704900000, 0x0000000704900000| Untracked 
|   8|0x0000000704a00000, 0x0000000704a00000, 0x0000000704b00000|  0%| F|  |TAMS 0x0000000704a00000, 0x0000000704a00000| Untracked 
|   9|0x0000000704b00000, 0x0000000704b00000, 0x0000000704c00000|  0%| F|  |TAMS 0x0000000704b00000, 0x0000000704b00000| Untracked 
|  10|0x0000000704c00000, 0x0000000704c00000, 0x0000000704d00000|  0%| F|  |TAMS 0x0000000704c00000, 0x0000000704c00000| Untracked 
|  11|0x0000000704d00000, 0x0000000704d00000, 0x0000000704e00000|  0%| F|  |TAMS 0x0000000704d00000, 0x0000000704d00000| Untracked 
|  12|0x0000000704e00000, 0x0000000704e00000, 0x0000000704f00000|  0%| F|  |TAMS 0x0000000704e00000, 0x0000000704e00000| Untracked 
|  13|0x0000000704f00000, 0x0000000704f00000, 0x0000000705000000|  0%| F|  |TAMS 0x0000000704f00000, 0x0000000704f00000| Untracked 
|  14|0x0000000705000000, 0x0000000705000000, 0x0000000705100000|  0%| F|  |TAMS 0x0000000705000000, 0x0000000705000000| Untracked 
|  15|0x0000000705100000, 0x0000000705100000, 0x0000000705200000|  0%| F|  |TAMS 0x0000000705100000, 0x0000000705100000| Untracked 
|  16|0x0000000705200000, 0x0000000705200000, 0x0000000705300000|  0%| F|  |TAMS 0x0000000705200000, 0x0000000705200000| Untracked 
|  17|0x0000000705300000, 0x0000000705300000, 0x0000000705400000|  0%| F|  |TAMS 0x0000000705300000, 0x0000000705300000| Untracked 
|  18|0x0000000705400000, 0x0000000705400000, 0x0000000705500000|  0%| F|  |TAMS 0x0000000705400000, 0x0000000705400000| Untracked 
|  19|0x0000000705500000, 0x0000000705500000, 0x0000000705600000|  0%| F|  |TAMS 0x0000000705500000, 0x0000000705500000| Untracked 
|  20|0x0000000705600000, 0x0000000705600000, 0x0000000705700000|  0%| F|  |TAMS 0x0000000705600000, 0x0000000705600000| Untracked 
|  21|0x0000000705700000, 0x0000000705700000, 0x0000000705800000|  0%| F|  |TAMS 0x0000000705700000, 0x0000000705700000| Untracked 
|  22|0x0000000705800000, 0x0000000705800000, 0x0000000705900000|  0%| F|  |TAMS 0x0000000705800000, 0x0000000705800000| Untracked 
|  23|0x0000000705900000, 0x0000000705900000, 0x0000000705a00000|  0%| F|  |TAMS 0x0000000705900000, 0x0000000705900000| Untracked 
|  24|0x0000000705a00000, 0x0000000705a00000, 0x0000000705b00000|  0%| F|  |TAMS 0x0000000705a00000, 0x0000000705a00000| Untracked 
|  25|0x0000000705b00000, 0x0000000705b00000, 0x0000000705c00000|  0%| F|  |TAMS 0x0000000705b00000, 0x0000000705b00000| Untracked 
|  26|0x0000000705c00000, 0x0000000705c00000, 0x0000000705d00000|  0%| F|  |TAMS 0x0000000705c00000, 0x0000000705c00000| Untracked 
|  27|0x0000000705d00000, 0x0000000705d00000, 0x0000000705e00000|  0%| F|  |TAMS 0x0000000705d00000, 0x0000000705d00000| Untracked 
|  28|0x0000000705e00000, 0x0000000705e00000, 0x0000000705f00000|  0%| F|  |TAMS 0x0000000705e00000, 0x0000000705e00000| Untracked 
|  29|0x0000000705f00000, 0x0000000705f00000, 0x0000000706000000|  0%| F|  |TAMS 0x0000000705f00000, 0x0000000705f00000| Untracked 
|  30|0x0000000706000000, 0x0000000706000000, 0x0000000706100000|  0%| F|  |TAMS 0x0000000706000000, 0x0000000706000000| Untracked 
|  31|0x0000000706100000, 0x0000000706100000, 0x0000000706200000|  0%| F|  |TAMS 0x0000000706100000, 0x0000000706100000| Untracked 
|  32|0x0000000706200000, 0x0000000706200000, 0x0000000706300000|  0%| F|  |TAMS 0x0000000706200000, 0x0000000706200000| Untracked 
|  33|0x0000000706300000, 0x0000000706300000, 0x0000000706400000|  0%| F|  |TAMS 0x0000000706300000, 0x0000000706300000| Untracked 
|  34|0x0000000706400000, 0x0000000706400000, 0x0000000706500000|  0%| F|  |TAMS 0x0000000706400000, 0x0000000706400000| Untracked 
|  35|0x0000000706500000, 0x0000000706500000, 0x0000000706600000|  0%| F|  |TAMS 0x0000000706500000, 0x0000000706500000| Untracked 
|  36|0x0000000706600000, 0x0000000706600000, 0x0000000706700000|  0%| F|  |TAMS 0x0000000706600000, 0x0000000706600000| Untracked 
|  37|0x0000000706700000, 0x0000000706700000, 0x0000000706800000|  0%| F|  |TAMS 0x0000000706700000, 0x0000000706700000| Untracked 
|  38|0x0000000706800000, 0x0000000706800000, 0x0000000706900000|  0%| F|  |TAMS 0x0000000706800000, 0x0000000706800000| Untracked 
|  39|0x0000000706900000, 0x0000000706900000, 0x0000000706a00000|  0%| F|  |TAMS 0x0000000706900000, 0x0000000706900000| Untracked 
|  40|0x0000000706a00000, 0x0000000706a00000, 0x0000000706b00000|  0%| F|  |TAMS 0x0000000706a00000, 0x0000000706a00000| Untracked 
|  41|0x0000000706b00000, 0x0000000706b00000, 0x0000000706c00000|  0%| F|  |TAMS 0x0000000706b00000, 0x0000000706b00000| Untracked 
|  42|0x0000000706c00000, 0x0000000706c00000, 0x0000000706d00000|  0%| F|  |TAMS 0x0000000706c00000, 0x0000000706c00000| Untracked 
|  43|0x0000000706d00000, 0x0000000706d00000, 0x0000000706e00000|  0%| F|  |TAMS 0x0000000706d00000, 0x0000000706d00000| Untracked 
|  44|0x0000000706e00000, 0x0000000706e00000, 0x0000000706f00000|  0%| F|  |TAMS 0x0000000706e00000, 0x0000000706e00000| Untracked 
|  45|0x0000000706f00000, 0x0000000706f00000, 0x0000000707000000|  0%| F|  |TAMS 0x0000000706f00000, 0x0000000706f00000| Untracked 
|  46|0x0000000707000000, 0x0000000707000000, 0x0000000707100000|  0%| F|  |TAMS 0x0000000707000000, 0x0000000707000000| Untracked 
|  47|0x0000000707100000, 0x0000000707100000, 0x0000000707200000|  0%| F|  |TAMS 0x0000000707100000, 0x0000000707100000| Untracked 
|  48|0x0000000707200000, 0x0000000707200000, 0x0000000707300000|  0%| F|  |TAMS 0x0000000707200000, 0x0000000707200000| Untracked 
|  49|0x0000000707300000, 0x0000000707300000, 0x0000000707400000|  0%| F|  |TAMS 0x0000000707300000, 0x0000000707300000| Untracked 
|  50|0x0000000707400000, 0x0000000707400000, 0x0000000707500000|  0%| F|  |TAMS 0x0000000707400000, 0x0000000707400000| Untracked 
|  51|0x0000000707500000, 0x0000000707500000, 0x0000000707600000|  0%| F|  |TAMS 0x0000000707500000, 0x0000000707500000| Untracked 
|  52|0x0000000707600000, 0x0000000707600000, 0x0000000707700000|  0%| F|  |TAMS 0x0000000707600000, 0x0000000707600000| Untracked 
|  53|0x0000000707700000, 0x0000000707700000, 0x0000000707800000|  0%| F|  |TAMS 0x0000000707700000, 0x0000000707700000| Untracked 
|  54|0x0000000707800000, 0x0000000707800000, 0x0000000707900000|  0%| F|  |TAMS 0x0000000707800000, 0x0000000707800000| Untracked 
|  55|0x0000000707900000, 0x0000000707900000, 0x0000000707a00000|  0%| F|  |TAMS 0x0000000707900000, 0x0000000707900000| Untracked 
|  56|0x0000000707a00000, 0x0000000707a00000, 0x0000000707b00000|  0%| F|  |TAMS 0x0000000707a00000, 0x0000000707a00000| Untracked 
|  57|0x0000000707b00000, 0x0000000707b00000, 0x0000000707c00000|  0%| F|  |TAMS 0x0000000707b00000, 0x0000000707b00000| Untracked 
|  58|0x0000000707c00000, 0x0000000707c00000, 0x0000000707d00000|  0%| F|  |TAMS 0x0000000707c00000, 0x0000000707c00000| Untracked 
|  59|0x0000000707d00000, 0x0000000707d00000, 0x0000000707e00000|  0%| F|  |TAMS 0x0000000707d00000, 0x0000000707d00000| Untracked 
|  60|0x0000000707e00000, 0x0000000707e00000, 0x0000000707f00000|  0%| F|  |TAMS 0x0000000707e00000, 0x0000000707e00000| Untracked 
|  61|0x0000000707f00000, 0x0000000707f00000, 0x0000000708000000|  0%| F|  |TAMS 0x0000000707f00000, 0x0000000707f00000| Untracked 
|  62|0x0000000708000000, 0x0000000708000000, 0x0000000708100000|  0%| F|  |TAMS 0x0000000708000000, 0x0000000708000000| Untracked 
|  63|0x0000000708100000, 0x0000000708100000, 0x0000000708200000|  0%| F|  |TAMS 0x0000000708100000, 0x0000000708100000| Untracked 
|  64|0x0000000708200000, 0x0000000708200000, 0x0000000708300000|  0%| F|  |TAMS 0x0000000708200000, 0x0000000708200000| Untracked 
|  65|0x0000000708300000, 0x0000000708300000, 0x0000000708400000|  0%| F|  |TAMS 0x0000000708300000, 0x0000000708300000| Untracked 
|  66|0x0000000708400000, 0x0000000708400000, 0x0000000708500000|  0%| F|  |TAMS 0x0000000708400000, 0x0000000708400000| Untracked 
|  67|0x0000000708500000, 0x0000000708500000, 0x0000000708600000|  0%| F|  |TAMS 0x0000000708500000, 0x0000000708500000| Untracked 
|  68|0x0000000708600000, 0x0000000708600000, 0x0000000708700000|  0%| F|  |TAMS 0x0000000708600000, 0x0000000708600000| Untracked 
|  69|0x0000000708700000, 0x0000000708700000, 0x0000000708800000|  0%| F|  |TAMS 0x0000000708700000, 0x0000000708700000| Untracked 
|  70|0x0000000708800000, 0x0000000708800000, 0x0000000708900000|  0%| F|  |TAMS 0x0000000708800000, 0x0000000708800000| Untracked 
|  71|0x0000000708900000, 0x0000000708900000, 0x0000000708a00000|  0%| F|  |TAMS 0x0000000708900000, 0x0000000708900000| Untracked 
|  72|0x0000000708a00000, 0x0000000708a00000, 0x0000000708b00000|  0%| F|  |TAMS 0x0000000708a00000, 0x0000000708a00000| Untracked 
|  73|0x0000000708b00000, 0x0000000708b00000, 0x0000000708c00000|  0%| F|  |TAMS 0x0000000708b00000, 0x0000000708b00000| Untracked 
|  74|0x0000000708c00000, 0x0000000708c00000, 0x0000000708d00000|  0%| F|  |TAMS 0x0000000708c00000, 0x0000000708c00000| Untracked 
|  75|0x0000000708d00000, 0x0000000708d00000, 0x0000000708e00000|  0%| F|  |TAMS 0x0000000708d00000, 0x0000000708d00000| Untracked 
|  76|0x0000000708e00000, 0x0000000708e00000, 0x0000000708f00000|  0%| F|  |TAMS 0x0000000708e00000, 0x0000000708e00000| Untracked 
|  77|0x0000000708f00000, 0x0000000708f00000, 0x0000000709000000|  0%| F|  |TAMS 0x0000000708f00000, 0x0000000708f00000| Untracked 
|  78|0x0000000709000000, 0x0000000709000000, 0x0000000709100000|  0%| F|  |TAMS 0x0000000709000000, 0x0000000709000000| Untracked 
|  79|0x0000000709100000, 0x0000000709100000, 0x0000000709200000|  0%| F|  |TAMS 0x0000000709100000, 0x0000000709100000| Untracked 
|  80|0x0000000709200000, 0x0000000709200000, 0x0000000709300000|  0%| F|  |TAMS 0x0000000709200000, 0x0000000709200000| Untracked 
|  81|0x0000000709300000, 0x0000000709300000, 0x0000000709400000|  0%| F|  |TAMS 0x0000000709300000, 0x0000000709300000| Untracked 
|  82|0x0000000709400000, 0x0000000709400000, 0x0000000709500000|  0%| F|  |TAMS 0x0000000709400000, 0x0000000709400000| Untracked 
|  83|0x0000000709500000, 0x0000000709500000, 0x0000000709600000|  0%| F|  |TAMS 0x0000000709500000, 0x0000000709500000| Untracked 
|  84|0x0000000709600000, 0x0000000709600000, 0x0000000709700000|  0%| F|  |TAMS 0x0000000709600000, 0x0000000709600000| Untracked 
|  85|0x0000000709700000, 0x0000000709700000, 0x0000000709800000|  0%| F|  |TAMS 0x0000000709700000, 0x0000000709700000| Untracked 
|  86|0x0000000709800000, 0x0000000709800000, 0x0000000709900000|  0%| F|  |TAMS 0x0000000709800000, 0x0000000709800000| Untracked 
|  87|0x0000000709900000, 0x0000000709900000, 0x0000000709a00000|  0%| F|  |TAMS 0x0000000709900000, 0x0000000709900000| Untracked 
|  88|0x0000000709a00000, 0x0000000709a00000, 0x0000000709b00000|  0%| F|  |TAMS 0x0000000709a00000, 0x0000000709a00000| Untracked 
|  89|0x0000000709b00000, 0x0000000709b00000, 0x0000000709c00000|  0%| F|  |TAMS 0x0000000709b00000, 0x0000000709b00000| Untracked 
|  90|0x0000000709c00000, 0x0000000709c00000, 0x0000000709d00000|  0%| F|  |TAMS 0x0000000709c00000, 0x0000000709c00000| Untracked 
|  91|0x0000000709d00000, 0x0000000709d00000, 0x0000000709e00000|  0%| F|  |TAMS 0x0000000709d00000, 0x0000000709d00000| Untracked 
|  92|0x0000000709e00000, 0x0000000709e00000, 0x0000000709f00000|  0%| F|  |TAMS 0x0000000709e00000, 0x0000000709e00000| Untracked 
|  93|0x0000000709f00000, 0x0000000709f00000, 0x000000070a000000|  0%| F|  |TAMS 0x0000000709f00000, 0x0000000709f00000| Untracked 
|  94|0x000000070a000000, 0x000000070a000000, 0x000000070a100000|  0%| F|  |TAMS 0x000000070a000000, 0x000000070a000000| Untracked 
|  95|0x000000070a100000, 0x000000070a100000, 0x000000070a200000|  0%| F|  |TAMS 0x000000070a100000, 0x000000070a100000| Untracked 
|  96|0x000000070a200000, 0x000000070a200000, 0x000000070a300000|  0%| F|  |TAMS 0x000000070a200000, 0x000000070a200000| Untracked 
|  97|0x000000070a300000, 0x000000070a300000, 0x000000070a400000|  0%| F|  |TAMS 0x000000070a300000, 0x000000070a300000| Untracked 
|  98|0x000000070a400000, 0x000000070a400000, 0x000000070a500000|  0%| F|  |TAMS 0x000000070a400000, 0x000000070a400000| Untracked 
|  99|0x000000070a500000, 0x000000070a500000, 0x000000070a600000|  0%| F|  |TAMS 0x000000070a500000, 0x000000070a500000| Untracked 
| 100|0x000000070a600000, 0x000000070a600000, 0x000000070a700000|  0%| F|  |TAMS 0x000000070a600000, 0x000000070a600000| Untracked 
| 101|0x000000070a700000, 0x000000070a700000, 0x000000070a800000|  0%| F|  |TAMS 0x000000070a700000, 0x000000070a700000| Untracked 
| 102|0x000000070a800000, 0x000000070a800000, 0x000000070a900000|  0%| F|  |TAMS 0x000000070a800000, 0x000000070a800000| Untracked 
| 103|0x000000070a900000, 0x000000070a900000, 0x000000070aa00000|  0%| F|  |TAMS 0x000000070a900000, 0x000000070a900000| Untracked 
| 104|0x000000070aa00000, 0x000000070aa00000, 0x000000070ab00000|  0%| F|  |TAMS 0x000000070aa00000, 0x000000070aa00000| Untracked 
| 105|0x000000070ab00000, 0x000000070ab00000, 0x000000070ac00000|  0%| F|  |TAMS 0x000000070ab00000, 0x000000070ab00000| Untracked 
| 106|0x000000070ac00000, 0x000000070ac00000, 0x000000070ad00000|  0%| F|  |TAMS 0x000000070ac00000, 0x000000070ac00000| Untracked 
| 107|0x000000070ad00000, 0x000000070ad00000, 0x000000070ae00000|  0%| F|  |TAMS 0x000000070ad00000, 0x000000070ad00000| Untracked 
| 108|0x000000070ae00000, 0x000000070ae00000, 0x000000070af00000|  0%| F|  |TAMS 0x000000070ae00000, 0x000000070ae00000| Untracked 
| 109|0x000000070af00000, 0x000000070af00000, 0x000000070b000000|  0%| F|  |TAMS 0x000000070af00000, 0x000000070af00000| Untracked 
| 110|0x000000070b000000, 0x000000070b000000, 0x000000070b100000|  0%| F|  |TAMS 0x000000070b000000, 0x000000070b000000| Untracked 
| 111|0x000000070b100000, 0x000000070b100000, 0x000000070b200000|  0%| F|  |TAMS 0x000000070b100000, 0x000000070b100000| Untracked 
| 112|0x000000070b200000, 0x000000070b200000, 0x000000070b300000|  0%| F|  |TAMS 0x000000070b200000, 0x000000070b200000| Untracked 
| 113|0x000000070b300000, 0x000000070b300000, 0x000000070b400000|  0%| F|  |TAMS 0x000000070b300000, 0x000000070b300000| Untracked 
| 114|0x000000070b400000, 0x000000070b400000, 0x000000070b500000|  0%| F|  |TAMS 0x000000070b400000, 0x000000070b400000| Untracked 
| 115|0x000000070b500000, 0x000000070b500000, 0x000000070b600000|  0%| F|  |TAMS 0x000000070b500000, 0x000000070b500000| Untracked 
| 116|0x000000070b600000, 0x000000070b600000, 0x000000070b700000|  0%| F|  |TAMS 0x000000070b600000, 0x000000070b600000| Untracked 
| 117|0x000000070b700000, 0x000000070b700000, 0x000000070b800000|  0%| F|  |TAMS 0x000000070b700000, 0x000000070b700000| Untracked 
| 118|0x000000070b800000, 0x000000070b800000, 0x000000070b900000|  0%| F|  |TAMS 0x000000070b800000, 0x000000070b800000| Untracked 
| 119|0x000000070b900000, 0x000000070b900000, 0x000000070ba00000|  0%| F|  |TAMS 0x000000070b900000, 0x000000070b900000| Untracked 
| 120|0x000000070ba00000, 0x000000070ba00000, 0x000000070bb00000|  0%| F|  |TAMS 0x000000070ba00000, 0x000000070ba00000| Untracked 
| 121|0x000000070bb00000, 0x000000070bb00000, 0x000000070bc00000|  0%| F|  |TAMS 0x000000070bb00000, 0x000000070bb00000| Untracked 
| 122|0x000000070bc00000, 0x000000070bc00000, 0x000000070bd00000|  0%| F|  |TAMS 0x000000070bc00000, 0x000000070bc00000| Untracked 
| 123|0x000000070bd00000, 0x000000070bd00000, 0x000000070be00000|  0%| F|  |TAMS 0x000000070bd00000, 0x000000070bd00000| Untracked 
| 124|0x000000070be00000, 0x000000070be00000, 0x000000070bf00000|  0%| F|  |TAMS 0x000000070be00000, 0x000000070be00000| Untracked 
| 125|0x000000070bf00000, 0x000000070bf00000, 0x000000070c000000|  0%| F|  |TAMS 0x000000070bf00000, 0x000000070bf00000| Untracked 
| 126|0x000000070c000000, 0x000000070c000000, 0x000000070c100000|  0%| F|  |TAMS 0x000000070c000000, 0x000000070c000000| Untracked 
| 127|0x000000070c100000, 0x000000070c100000, 0x000000070c200000|  0%| F|  |TAMS 0x000000070c100000, 0x000000070c100000| Untracked 
| 128|0x000000070c200000, 0x000000070c200000, 0x000000070c300000|  0%| F|  |TAMS 0x000000070c200000, 0x000000070c200000| Untracked 
| 129|0x000000070c300000, 0x000000070c300000, 0x000000070c400000|  0%| F|  |TAMS 0x000000070c300000, 0x000000070c300000| Untracked 
| 130|0x000000070c400000, 0x000000070c400000, 0x000000070c500000|  0%| F|  |TAMS 0x000000070c400000, 0x000000070c400000| Untracked 
| 131|0x000000070c500000, 0x000000070c500000, 0x000000070c600000|  0%| F|  |TAMS 0x000000070c500000, 0x000000070c500000| Untracked 
| 132|0x000000070c600000, 0x000000070c600000, 0x000000070c700000|  0%| F|  |TAMS 0x000000070c600000, 0x000000070c600000| Untracked 
| 133|0x000000070c700000, 0x000000070c700000, 0x000000070c800000|  0%| F|  |TAMS 0x000000070c700000, 0x000000070c700000| Untracked 
| 134|0x000000070c800000, 0x000000070c800000, 0x000000070c900000|  0%| F|  |TAMS 0x000000070c800000, 0x000000070c800000| Untracked 
| 135|0x000000070c900000, 0x000000070c900000, 0x000000070ca00000|  0%| F|  |TAMS 0x000000070c900000, 0x000000070c900000| Untracked 
| 136|0x000000070ca00000, 0x000000070ca00000, 0x000000070cb00000|  0%| F|  |TAMS 0x000000070ca00000, 0x000000070ca00000| Untracked 
| 137|0x000000070cb00000, 0x000000070cb00000, 0x000000070cc00000|  0%| F|  |TAMS 0x000000070cb00000, 0x000000070cb00000| Untracked 
| 138|0x000000070cc00000, 0x000000070cc00000, 0x000000070cd00000|  0%| F|  |TAMS 0x000000070cc00000, 0x000000070cc00000| Untracked 
| 139|0x000000070cd00000, 0x000000070cd00000, 0x000000070ce00000|  0%| F|  |TAMS 0x000000070cd00000, 0x000000070cd00000| Untracked 
| 140|0x000000070ce00000, 0x000000070ce00000, 0x000000070cf00000|  0%| F|  |TAMS 0x000000070ce00000, 0x000000070ce00000| Untracked 
| 141|0x000000070cf00000, 0x000000070cf00000, 0x000000070d000000|  0%| F|  |TAMS 0x000000070cf00000, 0x000000070cf00000| Untracked 
| 142|0x000000070d000000, 0x000000070d000000, 0x000000070d100000|  0%| F|  |TAMS 0x000000070d000000, 0x000000070d000000| Untracked 
| 143|0x000000070d100000, 0x000000070d100000, 0x000000070d200000|  0%| F|  |TAMS 0x000000070d100000, 0x000000070d100000| Untracked 
| 144|0x000000070d200000, 0x000000070d200000, 0x000000070d300000|  0%| F|  |TAMS 0x000000070d200000, 0x000000070d200000| Untracked 
| 145|0x000000070d300000, 0x000000070d300000, 0x000000070d400000|  0%| F|  |TAMS 0x000000070d300000, 0x000000070d300000| Untracked 
| 146|0x000000070d400000, 0x000000070d400000, 0x000000070d500000|  0%| F|  |TAMS 0x000000070d400000, 0x000000070d400000| Untracked 
| 147|0x000000070d500000, 0x000000070d500000, 0x000000070d600000|  0%| F|  |TAMS 0x000000070d500000, 0x000000070d500000| Untracked 
| 148|0x000000070d600000, 0x000000070d600000, 0x000000070d700000|  0%| F|  |TAMS 0x000000070d600000, 0x000000070d600000| Untracked 
| 149|0x000000070d700000, 0x000000070d700000, 0x000000070d800000|  0%| F|  |TAMS 0x000000070d700000, 0x000000070d700000| Untracked 
| 150|0x000000070d800000, 0x000000070d800000, 0x000000070d900000|  0%| F|  |TAMS 0x000000070d800000, 0x000000070d800000| Untracked 
| 151|0x000000070d900000, 0x000000070d900000, 0x000000070da00000|  0%| F|  |TAMS 0x000000070d900000, 0x000000070d900000| Untracked 
| 152|0x000000070da00000, 0x000000070da00000, 0x000000070db00000|  0%| F|  |TAMS 0x000000070da00000, 0x000000070da00000| Untracked 
| 153|0x000000070db00000, 0x000000070db00000, 0x000000070dc00000|  0%| F|  |TAMS 0x000000070db00000, 0x000000070db00000| Untracked 
| 154|0x000000070dc00000, 0x000000070dc00000, 0x000000070dd00000|  0%| F|  |TAMS 0x000000070dc00000, 0x000000070dc00000| Untracked 
| 155|0x000000070dd00000, 0x000000070dd00000, 0x000000070de00000|  0%| F|  |TAMS 0x000000070dd00000, 0x000000070dd00000| Untracked 
| 156|0x000000070de00000, 0x000000070de00000, 0x000000070df00000|  0%| F|  |TAMS 0x000000070de00000, 0x000000070de00000| Untracked 
| 157|0x000000070df00000, 0x000000070df00000, 0x000000070e000000|  0%| F|  |TAMS 0x000000070df00000, 0x000000070df00000| Untracked 
| 158|0x000000070e000000, 0x000000070e000000, 0x000000070e100000|  0%| F|  |TAMS 0x000000070e000000, 0x000000070e000000| Untracked 
| 159|0x000000070e100000, 0x000000070e100000, 0x000000070e200000|  0%| F|  |TAMS 0x000000070e100000, 0x000000070e100000| Untracked 
| 160|0x000000070e200000, 0x000000070e200000, 0x000000070e300000|  0%| F|  |TAMS 0x000000070e200000, 0x000000070e200000| Untracked 
| 161|0x000000070e300000, 0x000000070e300000, 0x000000070e400000|  0%| F|  |TAMS 0x000000070e300000, 0x000000070e300000| Untracked 
| 162|0x000000070e400000, 0x000000070e400000, 0x000000070e500000|  0%| F|  |TAMS 0x000000070e400000, 0x000000070e400000| Untracked 
| 163|0x000000070e500000, 0x000000070e500000, 0x000000070e600000|  0%| F|  |TAMS 0x000000070e500000, 0x000000070e500000| Untracked 
| 164|0x000000070e600000, 0x000000070e600000, 0x000000070e700000|  0%| F|  |TAMS 0x000000070e600000, 0x000000070e600000| Untracked 
| 165|0x000000070e700000, 0x000000070e700000, 0x000000070e800000|  0%| F|  |TAMS 0x000000070e700000, 0x000000070e700000| Untracked 
| 166|0x000000070e800000, 0x000000070e800000, 0x000000070e900000|  0%| F|  |TAMS 0x000000070e800000, 0x000000070e800000| Untracked 
| 167|0x000000070e900000, 0x000000070e900000, 0x000000070ea00000|  0%| F|  |TAMS 0x000000070e900000, 0x000000070e900000| Untracked 
| 168|0x000000070ea00000, 0x000000070ea00000, 0x000000070eb00000|  0%| F|  |TAMS 0x000000070ea00000, 0x000000070ea00000| Untracked 
| 169|0x000000070eb00000, 0x000000070eb00000, 0x000000070ec00000|  0%| F|  |TAMS 0x000000070eb00000, 0x000000070eb00000| Untracked 
| 170|0x000000070ec00000, 0x000000070ec00000, 0x000000070ed00000|  0%| F|  |TAMS 0x000000070ec00000, 0x000000070ec00000| Untracked 
| 171|0x000000070ed00000, 0x000000070ed00000, 0x000000070ee00000|  0%| F|  |TAMS 0x000000070ed00000, 0x000000070ed00000| Untracked 
| 172|0x000000070ee00000, 0x000000070ee00000, 0x000000070ef00000|  0%| F|  |TAMS 0x000000070ee00000, 0x000000070ee00000| Untracked 
| 173|0x000000070ef00000, 0x000000070ef00000, 0x000000070f000000|  0%| F|  |TAMS 0x000000070ef00000, 0x000000070ef00000| Untracked 
| 174|0x000000070f000000, 0x000000070f000000, 0x000000070f100000|  0%| F|  |TAMS 0x000000070f000000, 0x000000070f000000| Untracked 
| 175|0x000000070f100000, 0x000000070f100000, 0x000000070f200000|  0%| F|  |TAMS 0x000000070f100000, 0x000000070f100000| Untracked 
| 176|0x000000070f200000, 0x000000070f200000, 0x000000070f300000|  0%| F|  |TAMS 0x000000070f200000, 0x000000070f200000| Untracked 
| 177|0x000000070f300000, 0x000000070f300000, 0x000000070f400000|  0%| F|  |TAMS 0x000000070f300000, 0x000000070f300000| Untracked 
| 178|0x000000070f400000, 0x000000070f400000, 0x000000070f500000|  0%| F|  |TAMS 0x000000070f400000, 0x000000070f400000| Untracked 
| 179|0x000000070f500000, 0x000000070f500000, 0x000000070f600000|  0%| F|  |TAMS 0x000000070f500000, 0x000000070f500000| Untracked 
| 180|0x000000070f600000, 0x000000070f600000, 0x000000070f700000|  0%| F|  |TAMS 0x000000070f600000, 0x000000070f600000| Untracked 
| 181|0x000000070f700000, 0x000000070f700000, 0x000000070f800000|  0%| F|  |TAMS 0x000000070f700000, 0x000000070f700000| Untracked 
| 182|0x000000070f800000, 0x000000070f800000, 0x000000070f900000|  0%| F|  |TAMS 0x000000070f800000, 0x000000070f800000| Untracked 
| 183|0x000000070f900000, 0x000000070f900000, 0x000000070fa00000|  0%| F|  |TAMS 0x000000070f900000, 0x000000070f900000| Untracked 
| 184|0x000000070fa00000, 0x000000070fa00000, 0x000000070fb00000|  0%| F|  |TAMS 0x000000070fa00000, 0x000000070fa00000| Untracked 
| 185|0x000000070fb00000, 0x000000070fb00000, 0x000000070fc00000|  0%| F|  |TAMS 0x000000070fb00000, 0x000000070fb00000| Untracked 
| 186|0x000000070fc00000, 0x000000070fc00000, 0x000000070fd00000|  0%| F|  |TAMS 0x000000070fc00000, 0x000000070fc00000| Untracked 
| 187|0x000000070fd00000, 0x000000070fd00000, 0x000000070fe00000|  0%| F|  |TAMS 0x000000070fd00000, 0x000000070fd00000| Untracked 
| 188|0x000000070fe00000, 0x000000070fe00000, 0x000000070ff00000|  0%| F|  |TAMS 0x000000070fe00000, 0x000000070fe00000| Untracked 
| 189|0x000000070ff00000, 0x000000070ff00000, 0x0000000710000000|  0%| F|  |TAMS 0x000000070ff00000, 0x000000070ff00000| Untracked 
| 190|0x0000000710000000, 0x0000000710000000, 0x0000000710100000|  0%| F|  |TAMS 0x0000000710000000, 0x0000000710000000| Untracked 
| 191|0x0000000710100000, 0x0000000710100000, 0x0000000710200000|  0%| F|  |TAMS 0x0000000710100000, 0x0000000710100000| Untracked 
| 192|0x0000000710200000, 0x0000000710200000, 0x0000000710300000|  0%| F|  |TAMS 0x0000000710200000, 0x0000000710200000| Untracked 
| 193|0x0000000710300000, 0x0000000710300000, 0x0000000710400000|  0%| F|  |TAMS 0x0000000710300000, 0x0000000710300000| Untracked 
| 194|0x0000000710400000, 0x0000000710400000, 0x0000000710500000|  0%| F|  |TAMS 0x0000000710400000, 0x0000000710400000| Untracked 
| 195|0x0000000710500000, 0x0000000710500000, 0x0000000710600000|  0%| F|  |TAMS 0x0000000710500000, 0x0000000710500000| Untracked 
| 196|0x0000000710600000, 0x0000000710600000, 0x0000000710700000|  0%| F|  |TAMS 0x0000000710600000, 0x0000000710600000| Untracked 
| 197|0x0000000710700000, 0x0000000710700000, 0x0000000710800000|  0%| F|  |TAMS 0x0000000710700000, 0x0000000710700000| Untracked 
| 198|0x0000000710800000, 0x0000000710800000, 0x0000000710900000|  0%| F|  |TAMS 0x0000000710800000, 0x0000000710800000| Untracked 
| 199|0x0000000710900000, 0x0000000710900000, 0x0000000710a00000|  0%| F|  |TAMS 0x0000000710900000, 0x0000000710900000| Untracked 
| 200|0x0000000710a00000, 0x0000000710a00000, 0x0000000710b00000|  0%| F|  |TAMS 0x0000000710a00000, 0x0000000710a00000| Untracked 
| 201|0x0000000710b00000, 0x0000000710b00000, 0x0000000710c00000|  0%| F|  |TAMS 0x0000000710b00000, 0x0000000710b00000| Untracked 
| 202|0x0000000710c00000, 0x0000000710c00000, 0x0000000710d00000|  0%| F|  |TAMS 0x0000000710c00000, 0x0000000710c00000| Untracked 
| 203|0x0000000710d00000, 0x0000000710d00000, 0x0000000710e00000|  0%| F|  |TAMS 0x0000000710d00000, 0x0000000710d00000| Untracked 
| 204|0x0000000710e00000, 0x0000000710e00000, 0x0000000710f00000|  0%| F|  |TAMS 0x0000000710e00000, 0x0000000710e00000| Untracked 
| 205|0x0000000710f00000, 0x0000000710f00000, 0x0000000711000000|  0%| F|  |TAMS 0x0000000710f00000, 0x0000000710f00000| Untracked 
| 206|0x0000000711000000, 0x0000000711000000, 0x0000000711100000|  0%| F|  |TAMS 0x0000000711000000, 0x0000000711000000| Untracked 
| 207|0x0000000711100000, 0x0000000711100000, 0x0000000711200000|  0%| F|  |TAMS 0x0000000711100000, 0x0000000711100000| Untracked 
| 208|0x0000000711200000, 0x0000000711200000, 0x0000000711300000|  0%| F|  |TAMS 0x0000000711200000, 0x0000000711200000| Untracked 
| 209|0x0000000711300000, 0x0000000711300000, 0x0000000711400000|  0%| F|  |TAMS 0x0000000711300000, 0x0000000711300000| Untracked 
| 210|0x0000000711400000, 0x0000000711400000, 0x0000000711500000|  0%| F|  |TAMS 0x0000000711400000, 0x0000000711400000| Untracked 
| 211|0x0000000711500000, 0x0000000711500000, 0x0000000711600000|  0%| F|  |TAMS 0x0000000711500000, 0x0000000711500000| Untracked 
| 212|0x0000000711600000, 0x0000000711600000, 0x0000000711700000|  0%| F|  |TAMS 0x0000000711600000, 0x0000000711600000| Untracked 
| 213|0x0000000711700000, 0x0000000711700000, 0x0000000711800000|  0%| F|  |TAMS 0x0000000711700000, 0x0000000711700000| Untracked 
| 214|0x0000000711800000, 0x0000000711800000, 0x0000000711900000|  0%| F|  |TAMS 0x0000000711800000, 0x0000000711800000| Untracked 
| 215|0x0000000711900000, 0x0000000711900000, 0x0000000711a00000|  0%| F|  |TAMS 0x0000000711900000, 0x0000000711900000| Untracked 
| 216|0x0000000711a00000, 0x0000000711a00000, 0x0000000711b00000|  0%| F|  |TAMS 0x0000000711a00000, 0x0000000711a00000| Untracked 
| 217|0x0000000711b00000, 0x0000000711b00000, 0x0000000711c00000|  0%| F|  |TAMS 0x0000000711b00000, 0x0000000711b00000| Untracked 
| 218|0x0000000711c00000, 0x0000000711c00000, 0x0000000711d00000|  0%| F|  |TAMS 0x0000000711c00000, 0x0000000711c00000| Untracked 
| 219|0x0000000711d00000, 0x0000000711d00000, 0x0000000711e00000|  0%| F|  |TAMS 0x0000000711d00000, 0x0000000711d00000| Untracked 
| 220|0x0000000711e00000, 0x0000000711e00000, 0x0000000711f00000|  0%| F|  |TAMS 0x0000000711e00000, 0x0000000711e00000| Untracked 
| 221|0x0000000711f00000, 0x0000000711f00000, 0x0000000712000000|  0%| F|  |TAMS 0x0000000711f00000, 0x0000000711f00000| Untracked 
| 222|0x0000000712000000, 0x0000000712000000, 0x0000000712100000|  0%| F|  |TAMS 0x0000000712000000, 0x0000000712000000| Untracked 
| 223|0x0000000712100000, 0x0000000712100000, 0x0000000712200000|  0%| F|  |TAMS 0x0000000712100000, 0x0000000712100000| Untracked 
| 224|0x0000000712200000, 0x0000000712200000, 0x0000000712300000|  0%| F|  |TAMS 0x0000000712200000, 0x0000000712200000| Untracked 
| 225|0x0000000712300000, 0x0000000712300000, 0x0000000712400000|  0%| F|  |TAMS 0x0000000712300000, 0x0000000712300000| Untracked 
| 226|0x0000000712400000, 0x0000000712400000, 0x0000000712500000|  0%| F|  |TAMS 0x0000000712400000, 0x0000000712400000| Untracked 
| 227|0x0000000712500000, 0x0000000712500000, 0x0000000712600000|  0%| F|  |TAMS 0x0000000712500000, 0x0000000712500000| Untracked 
| 228|0x0000000712600000, 0x0000000712600000, 0x0000000712700000|  0%| F|  |TAMS 0x0000000712600000, 0x0000000712600000| Untracked 
| 229|0x0000000712700000, 0x0000000712700000, 0x0000000712800000|  0%| F|  |TAMS 0x0000000712700000, 0x0000000712700000| Untracked 
| 230|0x0000000712800000, 0x0000000712800000, 0x0000000712900000|  0%| F|  |TAMS 0x0000000712800000, 0x0000000712800000| Untracked 
| 231|0x0000000712900000, 0x0000000712900000, 0x0000000712a00000|  0%| F|  |TAMS 0x0000000712900000, 0x0000000712900000| Untracked 
| 232|0x0000000712a00000, 0x0000000712a00000, 0x0000000712b00000|  0%| F|  |TAMS 0x0000000712a00000, 0x0000000712a00000| Untracked 
| 233|0x0000000712b00000, 0x0000000712b00000, 0x0000000712c00000|  0%| F|  |TAMS 0x0000000712b00000, 0x0000000712b00000| Untracked 
| 234|0x0000000712c00000, 0x0000000712cfbd60, 0x0000000712d00000| 98%| E|  |TAMS 0x0000000712c00000, 0x0000000712c00000| Complete 
| 235|0x0000000712d00000, 0x0000000712e00000, 0x0000000712e00000|100%| E|CS|TAMS 0x0000000712d00000, 0x0000000712d00000| Complete 
| 236|0x0000000712e00000, 0x0000000712f00000, 0x0000000712f00000|100%| E|CS|TAMS 0x0000000712e00000, 0x0000000712e00000| Complete 
| 237|0x0000000712f00000, 0x0000000713000000, 0x0000000713000000|100%| E|CS|TAMS 0x0000000712f00000, 0x0000000712f00000| Complete 
| 238|0x0000000713000000, 0x0000000713100000, 0x0000000713100000|100%| E|CS|TAMS 0x0000000713000000, 0x0000000713000000| Complete 
| 239|0x0000000713100000, 0x0000000713200000, 0x0000000713200000|100%| E|CS|TAMS 0x0000000713100000, 0x0000000713100000| Complete 
| 240|0x0000000713200000, 0x0000000713300000, 0x0000000713300000|100%| E|CS|TAMS 0x0000000713200000, 0x0000000713200000| Complete 
| 241|0x0000000713300000, 0x0000000713400000, 0x0000000713400000|100%| E|CS|TAMS 0x0000000713300000, 0x0000000713300000| Complete 
| 242|0x0000000713400000, 0x0000000713500000, 0x0000000713500000|100%| E|  |TAMS 0x0000000713400000, 0x0000000713400000| Complete 
| 243|0x0000000713500000, 0x0000000713600000, 0x0000000713600000|100%| E|CS|TAMS 0x0000000713500000, 0x0000000713500000| Complete 
| 244|0x0000000713600000, 0x0000000713700000, 0x0000000713700000|100%| E|CS|TAMS 0x0000000713600000, 0x0000000713600000| Complete 
| 245|0x0000000713700000, 0x0000000713800000, 0x0000000713800000|100%| E|CS|TAMS 0x0000000713700000, 0x0000000713700000| Complete 
| 246|0x0000000713800000, 0x0000000713900000, 0x0000000713900000|100%| E|CS|TAMS 0x0000000713800000, 0x0000000713800000| Complete 
| 247|0x0000000713900000, 0x0000000713a00000, 0x0000000713a00000|100%| E|CS|TAMS 0x0000000713900000, 0x0000000713900000| Complete 
| 248|0x0000000713a00000, 0x0000000713b00000, 0x0000000713b00000|100%| E|CS|TAMS 0x0000000713a00000, 0x0000000713a00000| Complete 
| 249|0x0000000713b00000, 0x0000000713c00000, 0x0000000713c00000|100%| E|CS|TAMS 0x0000000713b00000, 0x0000000713b00000| Complete 
| 250|0x0000000713c00000, 0x0000000713d00000, 0x0000000713d00000|100%| E|CS|TAMS 0x0000000713c00000, 0x0000000713c00000| Complete 
| 251|0x0000000713d00000, 0x0000000713e00000, 0x0000000713e00000|100%| E|CS|TAMS 0x0000000713d00000, 0x0000000713d00000| Complete 

Card table byte_map: [0x00000296fd4a0000,0x00000296fdc80000] _byte_map_base: 0x00000296f9c7f000

Marking Bits (Prev, Next): (CMBitMap*) 0x00000296e31a2358, (CMBitMap*) 0x00000296e31a2390
 Prev Bits: [0x0000029680000000, 0x0000029683ef8000)
 Next Bits: [0x0000029683f00000, 0x0000029687df8000)

Polling page: 0x00000296e3220000

Metaspace:

Usage:
  Non-class:     10.48 MB capacity,    10.26 MB ( 98%) used,   205.47 KB (  2%) free+waste,    16.63 KB ( <1%) overhead. 
      Class:    983.00 KB capacity,   894.55 KB ( 91%) used,    80.63 KB (  8%) free+waste,     7.81 KB ( <1%) overhead. 
       Both:     11.44 MB capacity,    11.14 MB ( 97%) used,   286.10 KB (  2%) free+waste,    24.44 KB ( <1%) overhead. 

Virtual space:
  Non-class space:       12.00 MB reserved,      10.75 MB ( 90%) committed 
      Class space:        1.00 GB reserved,       1.00 MB ( <1%) committed 
             Both:        1.01 GB reserved,      11.75 MB (  1%) committed 

Chunk freelists:
   Non-Class:  83.00 KB
       Class:  9.00 KB
        Both:  92.00 KB

MaxMetaspaceSize: 17179869184.00 GB
CompressedClassSpaceSize: 1.00 GB

CodeHeap 'non-profiled nmethods': size=120000Kb used=280Kb max_used=280Kb free=119719Kb
 bounds [0x00000296f4b10000, 0x00000296f4d80000, 0x00000296fc040000]
CodeHeap 'profiled nmethods': size=120000Kb used=1458Kb max_used=1458Kb free=118541Kb
 bounds [0x00000296ed5e0000, 0x00000296ed850000, 0x00000296f4b10000]
CodeHeap 'non-nmethods': size=5760Kb used=1449Kb max_used=1469Kb free=4311Kb
 bounds [0x00000296ed040000, 0x00000296ed2b0000, 0x00000296ed5e0000]
 total_blobs=1785 nmethods=843 adapters=854
 compilation: enabled
              stopped_count=0, restarted_count=0
 full_count=0

Compilation events (20 events):
Event: 0.593 Thread 0x00000296ffb06000 nmethod 834 0x00000296ed748610 code [0x00000296ed748800, 0x00000296ed748d38]
Event: 0.594 Thread 0x0000029690021000  835 %     4       de.matthiasmann.twl.utils.PNGDecoder::copyRGBtoRGBA @ 129 (170 bytes)
Event: 0.594 Thread 0x00000296ffb06000  836   !   3       java.util.zip.Inflater::needsInput (55 bytes)
Event: 0.594 Thread 0x00000296ffb06000 nmethod 836 0x00000296ed749010 code [0x00000296ed7491e0, 0x00000296ed749678]
Event: 0.595 Thread 0x00000296ffb06000  838   !   3       de.matthiasmann.twl.utils.PNGDecoder::readChunkUnzip (144 bytes)
Event: 0.595 Thread 0x00000296ffb06000 nmethod 838 0x00000296ed749790 code [0x00000296ed749a40, 0x00000296ed74a618]
Event: 0.595 Thread 0x00000296ffb06000  839       3       de.matthiasmann.twl.utils.PNGDecoder::unfilter (104 bytes)
Event: 0.596 Thread 0x00000296ffb06000 nmethod 839 0x00000296ed74ac90 code [0x00000296ed74aee0, 0x00000296ed74b448]
Event: 0.596 Thread 0x00000296ffb06000  840 %     3       de.matthiasmann.twl.utils.PNGDecoder::unfilterSub @ 13 (38 bytes)
Event: 0.596 Thread 0x00000296ffb06000 nmethod 840% 0x00000296ed74b690 code [0x00000296ed74b860, 0x00000296ed74bb18]
Event: 0.597 Thread 0x00000296ffb06000  841       3       de.matthiasmann.twl.utils.PNGDecoder::unfilterSub (38 bytes)
Event: 0.597 Thread 0x00000296ffb06000 nmethod 841 0x00000296ed74bc90 code [0x00000296ed74be40, 0x00000296ed74c058]
Event: 0.597 Thread 0x0000029690021000 nmethod 835% 0x00000296f4b51210 code [0x00000296f4b513c0, 0x00000296f4b516f8]
Event: 0.597 Thread 0x0000029690021000  837 %     4       de.matthiasmann.twl.utils.PNGDecoder::unfilterPaeth @ 36 (188 bytes)
Event: 0.597 Thread 0x00000296ffb06000  842   !   3       java.util.zip.Inflater::setInput (69 bytes)
Event: 0.597 Thread 0x00000296ffb06000 nmethod 842 0x00000296ed74c190 code [0x00000296ed74c360, 0x00000296ed74c808]
Event: 0.607 Thread 0x0000029690021000 nmethod 837% 0x00000296f4b51990 code [0x00000296f4b51b40, 0x00000296f4b52078]
Event: 0.607 Thread 0x0000029690021000  843       4       de.matthiasmann.twl.utils.PNGDecoder::copyRGBtoRGBA (170 bytes)
Event: 0.611 Thread 0x0000029690021000 nmethod 843 0x00000296f4b52290 code [0x00000296f4b52440, 0x00000296f4b52718]
Event: 0.615 Thread 0x00000296ffb04000 nmethod 810 0x00000296f4b52990 code [0x00000296f4b52c00, 0x00000296f4b54e48]

GC Heap History (0 events):
No events

Deoptimization events (20 events):
Event: 0.467 Thread 0x00000296e3143000 DEOPT PACKING pc=0x00000296f4b46078 sp=0x000000cf97ffeda0
Event: 0.467 Thread 0x00000296e3143000 DEOPT UNPACKING pc=0x00000296ed0668af sp=0x000000cf97ffed28 mode 2
Event: 0.512 Thread 0x00000296e3143000 Uncommon trap: trap_request=0xffffff4d fr.pc=0x00000296f4b2f2d4 relative=0x0000000000000494
Event: 0.512 Thread 0x00000296e3143000 Uncommon trap: reason=unstable_if action=reinterpret pc=0x00000296f4b2f2d4 method=java.lang.AbstractStringBuilder.putStringAt(ILjava/lang/String;)V @ 8 c2
Event: 0.512 Thread 0x00000296e3143000 DEOPT PACKING pc=0x00000296f4b2f2d4 sp=0x000000cf97ffef60
Event: 0.512 Thread 0x00000296e3143000 DEOPT UNPACKING pc=0x00000296ed0668af sp=0x000000cf97ffee68 mode 2
Event: 0.512 Thread 0x00000296e3143000 Uncommon trap: trap_request=0xffffff4d fr.pc=0x00000296f4b2d73c relative=0x000000000000047c
Event: 0.512 Thread 0x00000296e3143000 Uncommon trap: reason=unstable_if action=reinterpret pc=0x00000296f4b2d73c method=java.lang.AbstractStringBuilder.putStringAt(ILjava/lang/String;)V @ 8 c2
Event: 0.512 Thread 0x00000296e3143000 DEOPT PACKING pc=0x00000296f4b2d73c sp=0x000000cf97ffeef0
Event: 0.512 Thread 0x00000296e3143000 DEOPT UNPACKING pc=0x00000296ed0668af sp=0x000000cf97ffee60 mode 2
Event: 0.512 Thread 0x00000296e3143000 Uncommon trap: trap_request=0xffffff4d fr.pc=0x00000296f4b2adf8 relative=0x0000000000000058
Event: 0.512 Thread 0x00000296e3143000 Uncommon trap: reason=unstable_if action=reinterpret pc=0x00000296f4b2adf8 method=java.lang.AbstractStringBuilder.isLatin1()Z @ 10 c2
Event: 0.512 Thread 0x00000296e3143000 DEOPT PACKING pc=0x00000296f4b2adf8 sp=0x000000cf97ffee00
Event: 0.512 Thread 0x00000296e3143000 DEOPT UNPACKING pc=0x00000296ed0668af sp=0x000000cf97ffed90 mode 2
Event: 0.512 Thread 0x00000296e3143000 Uncommon trap: trap_request=0xffffff4d fr.pc=0x00000296f4b3b45c relative=0x000000000000039c
Event: 0.512 Thread 0x00000296e3143000 Uncommon trap: reason=unstable_if action=reinterpret pc=0x00000296f4b3b45c method=java.lang.AbstractStringBuilder.isLatin1()Z @ 10 c2
Event: 0.512 Thread 0x00000296e3143000 DEOPT PACKING pc=0x00000296f4b3b45c sp=0x000000cf97ffef70
Event: 0.512 Thread 0x00000296e3143000 DEOPT UNPACKING pc=0x00000296ed0668af sp=0x000000cf97ffeef0 mode 2
Event: 0.598 Thread 0x00000296e3143000 DEOPT PACKING pc=0x00000296ed746444 sp=0x000000cf97ffefd0
Event: 0.598 Thread 0x00000296e3143000 DEOPT UNPACKING pc=0x00000296ed06705e sp=0x000000cf97ffe470 mode 0

Classes redefined (0 events):
No events

Internal exceptions (16 events):
Event: 0.190 Thread 0x00000296e3143000 Exception <a 'java/lang/NoSuchMethodError'{0x0000000713717b98}: 'void java.lang.invoke.DelegatingMethodHandle$Holder.delegate(java.lang.Object, java.lang.Object, int, java.lang.Object)'> (0x0000000713717b98) thrown at [./src/hotspot/share/interpreter/linkResolver.cpp, line 773]
Event: 0.191 Thread 0x00000296e3143000 Exception <a 'java/lang/NoSuchMethodError'{0x000000071371ef08}: 'java.lang.Object java.lang.invoke.DirectMethodHandle$Holder.invokeStaticInit(java.lang.Object, java.lang.Object, java.lang.Object)'> (0x000000071371ef08) thrown at [./src/hotspot/share/interpreter/linkResolver.cpp, line 773]
Event: 0.195 Thread 0x00000296e3143000 Exception <a 'java/lang/NoSuchMethodError'{0x0000000713763968}: 'int java.lang.invoke.DirectMethodHandle$Holder.invokeSpecialIFC(java.lang.Object, java.lang.Object, int)'> (0x0000000713763968) thrown at [./src/hotspot/share/interpreter/linkResolver.cpp, line 773]
Event: 0.225 Thread 0x00000296e3143000 Exception <a 'sun/nio/fs/WindowsException'{0x000000071362ef10}> (0x000000071362ef10) thrown at [./src/hotspot/share/prims/jni.cpp, line 615]
Event: 0.225 Thread 0x00000296e3143000 Exception <a 'sun/nio/fs/WindowsException'{0x000000071362f458}> (0x000000071362f458) thrown at [./src/hotspot/share/prims/jni.cpp, line 615]
Event: 0.242 Thread 0x00000296e3143000 Exception <a 'java/lang/NoSuchMethodError'{0x00000007136bfa08}: 'int java.lang.invoke.DirectMethodHandle$Holder.invokeStaticInit(java.lang.Object, java.lang.Object, int, long)'> (0x00000007136bfa08) thrown at [./src/hotspot/share/interpreter/linkResolver.cpp, line 773]
Event: 0.243 Thread 0x00000296e3143000 Exception <a 'java/lang/NoSuchMethodError'{0x00000007136c4bb0}: 'java.lang.Object java.lang.invoke.Invokers$Holder.linkToTargetMethod(java.lang.Object, int, java.lang.Object)'> (0x00000007136c4bb0) thrown at [./src/hotspot/share/interpreter/linkResolver.cpp, line 773]
Event: 0.244 Thread 0x00000296e3143000 Exception <a 'java/lang/NoSuchMethodError'{0x00000007136dc630}: 'int java.lang.invoke.DirectMethodHandle$Holder.invokeStaticInit(java.lang.Object, java.lang.Object, long, long)'> (0x00000007136dc630) thrown at [./src/hotspot/share/interpreter/linkResolver.cpp, line 773]
Event: 0.244 Thread 0x00000296e3143000 Exception <a 'java/lang/NoSuchMethodError'{0x00000007136e7d90}: 'java.lang.Object java.lang.invoke.Invokers$Holder.linkToTargetMethod(java.lang.Object, long, java.lang.Object)'> (0x00000007136e7d90) thrown at [./src/hotspot/share/interpreter/linkResolver.cpp, line 773]
Event: 0.245 Thread 0x00000296e3143000 Exception <a 'java/lang/NoSuchMethodError'{0x00000007136edf80}: 'int java.lang.invoke.DirectMethodHandle$Holder.invokeStaticInit(java.lang.Object, java.lang.Object, java.lang.Object, long)'> (0x00000007136edf80) thrown at [./src/hotspot/share/interpreter/linkResolver.cpp, line 773]
Event: 0.264 Thread 0x00000296e3143000 Exception <a 'sun/nio/fs/WindowsException'{0x0000000713479ef0}> (0x0000000713479ef0) thrown at [./src/hotspot/share/prims/jni.cpp, line 615]
Event: 0.264 Thread 0x00000296e3143000 Exception <a 'sun/nio/fs/WindowsException'{0x000000071347a250}> (0x000000071347a250) thrown at [./src/hotspot/share/prims/jni.cpp, line 615]
Event: 0.430 Thread 0x00000296e3143000 Exception <a 'sun/nio/fs/WindowsException'{0x000000071337fd40}> (0x000000071337fd40) thrown at [./src/hotspot/share/prims/jni.cpp, line 615]
Event: 0.430 Thread 0x00000296e3143000 Exception <a 'sun/nio/fs/WindowsException'{0x00000007133800d0}> (0x00000007133800d0) thrown at [./src/hotspot/share/prims/jni.cpp, line 615]
Event: 0.433 Thread 0x00000296e3143000 Exception <a 'sun/nio/fs/WindowsException'{0x00000007133a0650}> (0x00000007133a0650) thrown at [./src/hotspot/share/prims/jni.cpp, line 615]
Event: 0.433 Thread 0x00000296e3143000 Exception <a 'sun/nio/fs/WindowsException'{0x00000007133a0920}> (0x00000007133a0920) thrown at [./src/hotspot/share/prims/jni.cpp, line 615]

Events (20 events):
Event: 0.561 loading class projekt/util/VboProgram
Event: 0.561 loading class projekt/util/VboProgram done
Event: 0.576 loading class projekt/HandmadePyramid
Event: 0.576 loading class projekt/HandmadePyramid done
Event: 0.577 loading class projekt/util/VectorUtils
Event: 0.577 loading class projekt/util/VectorUtils done
Event: 0.577 loading class projekt/Texture
Event: 0.577 loading class projekt/Texture done
Event: 0.578 loading class de/matthiasmann/twl/utils/PNGDecoder
Event: 0.578 loading class de/matthiasmann/twl/utils/PNGDecoder done
Event: 0.579 loading class java/io/EOFException
Event: 0.579 loading class java/io/EOFException done
Event: 0.579 loading class java/util/zip/DataFormatException
Event: 0.579 loading class java/util/zip/DataFormatException done
Event: 0.579 loading class java/lang/AssertionError
Event: 0.579 loading class java/lang/AssertionError done
Event: 0.580 loading class de/matthiasmann/twl/utils/PNGDecoder$Format
Event: 0.580 loading class de/matthiasmann/twl/utils/PNGDecoder$Format done
Event: 0.580 loading class de/matthiasmann/twl/utils/PNGDecoder$1
Event: 0.580 loading class de/matthiasmann/twl/utils/PNGDecoder$1 done


Dynamic libraries:
0x00007ff6d4d40000 - 0x00007ff6d4d4d000 	C:\Program Files\AdoptOpenJDK\jdk-11.0.11.9-hotspot\bin\java.exe
0x00007ffc13140000 - 0x00007ffc13349000 	C:\WINDOWS\SYSTEM32\ntdll.dll
0x00007ffc12e00000 - 0x00007ffc12ebd000 	C:\WINDOWS\System32\KERNEL32.DLL
0x00007ffc10ae0000 - 0x00007ffc10e59000 	C:\WINDOWS\System32\KERNELBASE.dll
0x00007ffc10620000 - 0x00007ffc10731000 	C:\WINDOWS\System32\ucrtbase.dll
0x00007ffc08440000 - 0x00007ffc08457000 	C:\Program Files\AdoptOpenJDK\jdk-11.0.11.9-hotspot\bin\jli.dll
0x00007ffc07b40000 - 0x00007ffc07b55000 	C:\Program Files\AdoptOpenJDK\jdk-11.0.11.9-hotspot\bin\VCRUNTIME140.dll
0x00007ffc11190000 - 0x00007ffc1133c000 	C:\WINDOWS\System32\USER32.dll
0x00007ffbf7920000 - 0x00007ffbf7bc5000 	C:\WINDOWS\WinSxS\amd64_microsoft.windows.common-controls_6595b64144ccf1df_6.0.22000.120_none_9d947278b86cc467\COMCTL32.dll
0x00007ffc10980000 - 0x00007ffc109a6000 	C:\WINDOWS\System32\win32u.dll
0x00007ffc11cc0000 - 0x00007ffc11d63000 	C:\WINDOWS\System32\msvcrt.dll
0x00007ffc12cf0000 - 0x00007ffc12d19000 	C:\WINDOWS\System32\GDI32.dll
0x00007ffc107c0000 - 0x00007ffc108d2000 	C:\WINDOWS\System32\gdi32full.dll
0x00007ffc108e0000 - 0x00007ffc1097d000 	C:\WINDOWS\System32\msvcp_win.dll
0x00007ffc11fa0000 - 0x00007ffc11fd1000 	C:\WINDOWS\System32\IMM32.DLL
0x00007ffc00bd0000 - 0x00007ffc00c6b000 	C:\Program Files\AdoptOpenJDK\jdk-11.0.11.9-hotspot\bin\msvcp140.dll
0x00007ffbaa420000 - 0x00007ffbaaf6b000 	C:\Program Files\AdoptOpenJDK\jdk-11.0.11.9-hotspot\bin\server\jvm.dll
0x00007ffc12ec0000 - 0x00007ffc12f6e000 	C:\WINDOWS\System32\ADVAPI32.dll
0x00007ffc11d70000 - 0x00007ffc11e0e000 	C:\WINDOWS\System32\sechost.dll
0x00007ffc10fd0000 - 0x00007ffc110f0000 	C:\WINDOWS\System32\RPCRT4.dll
0x00007ffc11180000 - 0x00007ffc11188000 	C:\WINDOWS\System32\PSAPI.DLL
0x00007ffbe2540000 - 0x00007ffbe2549000 	C:\WINDOWS\SYSTEM32\WSOCK32.dll
0x00007ffc048c0000 - 0x00007ffc048ca000 	C:\WINDOWS\SYSTEM32\VERSION.dll
0x00007ffc12370000 - 0x00007ffc123df000 	C:\WINDOWS\System32\WS2_32.dll
0x00007ffc05430000 - 0x00007ffc05463000 	C:\WINDOWS\SYSTEM32\WINMM.dll
0x00007ffc0f7d0000 - 0x00007ffc0f7e8000 	C:\WINDOWS\SYSTEM32\kernel.appcore.dll
0x00007ffc08c90000 - 0x00007ffc08ca0000 	C:\Program Files\AdoptOpenJDK\jdk-11.0.11.9-hotspot\bin\verify.dll
0x00007ffc0e200000 - 0x00007ffc0e421000 	C:\WINDOWS\SYSTEM32\DBGHELP.DLL
0x00007ffbfbe40000 - 0x00007ffbfbe71000 	C:\WINDOWS\SYSTEM32\dbgcore.DLL
0x00007ffc10740000 - 0x00007ffc107bf000 	C:\WINDOWS\System32\bcryptPrimitives.dll
0x00007ffc07ae0000 - 0x00007ffc07b08000 	C:\Program Files\AdoptOpenJDK\jdk-11.0.11.9-hotspot\bin\java.dll
0x00007ffc08c20000 - 0x00007ffc08c2a000 	C:\Program Files\AdoptOpenJDK\jdk-11.0.11.9-hotspot\bin\jimage.dll
0x00007ffc07ad0000 - 0x00007ffc07ade000 	C:\Program Files\AdoptOpenJDK\jdk-11.0.11.9-hotspot\bin\instrument.dll
0x00007ffc07ab0000 - 0x00007ffc07ac7000 	C:\Program Files\AdoptOpenJDK\jdk-11.0.11.9-hotspot\bin\zip.dll
0x00007ffc113a0000 - 0x00007ffc11b58000 	C:\WINDOWS\System32\SHELL32.dll
0x00007ffc0e760000 - 0x00007ffc0efc8000 	C:\WINDOWS\SYSTEM32\windows.storage.dll
0x00007ffc11fe0000 - 0x00007ffc12359000 	C:\WINDOWS\System32\combase.dll
0x00007ffc0e5f0000 - 0x00007ffc0e756000 	C:\WINDOWS\SYSTEM32\wintypes.dll
0x00007ffc12ff0000 - 0x00007ffc130da000 	C:\WINDOWS\System32\SHCORE.dll
0x00007ffc12d20000 - 0x00007ffc12d7d000 	C:\WINDOWS\System32\shlwapi.dll
0x00007ffc10550000 - 0x00007ffc10571000 	C:\WINDOWS\SYSTEM32\profapi.dll
0x00007ffc057f0000 - 0x00007ffc05809000 	C:\Program Files\AdoptOpenJDK\jdk-11.0.11.9-hotspot\bin\net.dll
0x00007ffc05320000 - 0x00007ffc0542c000 	C:\WINDOWS\SYSTEM32\WINHTTP.dll
0x00007ffc0fbf0000 - 0x00007ffc0fc57000 	C:\WINDOWS\system32\mswsock.dll
0x00007ffc056f0000 - 0x00007ffc05702000 	C:\Program Files\AdoptOpenJDK\jdk-11.0.11.9-hotspot\bin\nio.dll
0x00007ffc05620000 - 0x00007ffc0563a000 	C:\Program Files\JetBrains\IntelliJ IDEA 2021.2.2\bin\breakgen64.dll
0x00007ffbff820000 - 0x00007ffbff895000 	C:\Users\alex\AppData\Local\Temp\lwjglalex\3.3.1-build-7\lwjgl.dll
0x00007ffc00b60000 - 0x00007ffc00bc1000 	C:\Users\alex\AppData\Local\Temp\lwjglalex\3.3.1-build-7\glfw.dll
0x00007ffc02f20000 - 0x00007ffc02f65000 	C:\WINDOWS\SYSTEM32\dinput8.dll
0x00007ffc01a90000 - 0x00007ffc01aa1000 	C:\WINDOWS\SYSTEM32\xinput1_4.dll
0x00007ffc102f0000 - 0x00007ffc1033c000 	C:\WINDOWS\SYSTEM32\cfgmgr32.dll
0x00007ffc10340000 - 0x00007ffc1036c000 	C:\WINDOWS\SYSTEM32\DEVOBJ.dll
0x00007ffc0dde0000 - 0x00007ffc0de0f000 	C:\WINDOWS\SYSTEM32\dwmapi.dll
0x00007ffbecfa0000 - 0x00007ffbed169000 	C:\WINDOWS\SYSTEM32\inputhost.dll
0x00007ffc09570000 - 0x00007ffc096a2000 	C:\WINDOWS\SYSTEM32\CoreMessaging.dll
0x00007ffc09cd0000 - 0x00007ffc09d7c000 	C:\WINDOWS\system32\uxtheme.dll
0x00007ffc0fde0000 - 0x00007ffc0fdec000 	C:\WINDOWS\SYSTEM32\CRYPTBASE.DLL
0x00007ffc12bd0000 - 0x00007ffc12cee000 	C:\WINDOWS\System32\MSCTF.dll
0x00007ffbe7940000 - 0x00007ffbe7a41000 	C:\WINDOWS\SYSTEM32\opengl32.dll
0x00007ffbf8af0000 - 0x00007ffbf8b1d000 	C:\WINDOWS\SYSTEM32\GLU32.dll
0x00007ffc0da00000 - 0x00007ffc0da38000 	C:\WINDOWS\SYSTEM32\dxcore.dll
0x00007ffc07910000 - 0x00007ffc07954000 	C:\WINDOWS\SYSTEM32\directxdatabasehelper.dll
0x00007ffc0dca0000 - 0x00007ffc0dcd4000 	C:\WINDOWS\SYSTEM32\ntmarta.dll
0x00007ffc11e10000 - 0x00007ffc11ebf000 	C:\WINDOWS\System32\clbcatq.dll
0x00007ffba5890000 - 0x00007ffba6895000 	C:\WINDOWS\System32\DriverStore\FileRepository\iigd_dch.inf_amd64_4be767c332df1d04\ig9icd64.dll
0x00007ffc123f0000 - 0x00007ffc1258a000 	C:\WINDOWS\System32\ole32.dll
0x00007ffc09e40000 - 0x00007ffc09f33000 	C:\WINDOWS\system32\dxgi.dll
0x00007ffb91f50000 - 0x00007ffb9233c000 	C:\WINDOWS\System32\DriverStore\FileRepository\iigd_dch.inf_amd64_4be767c332df1d04\igdml64.dll
0x00007ffc01750000 - 0x00007ffc01a18000 	C:\WINDOWS\System32\DriverStore\FileRepository\iigd_dch.inf_amd64_4be767c332df1d04\igdgmm64.dll
0x00007ffbbf5b0000 - 0x00007ffbc2152000 	C:\WINDOWS\System32\DriverStore\FileRepository\iigd_dch.inf_amd64_4be767c332df1d04\igc64.dll
0x00007ffc0efe0000 - 0x00007ffc0f02d000 	C:\WINDOWS\SYSTEM32\powrprof.dll
0x00007ffc0f0d0000 - 0x00007ffc0f0e3000 	C:\WINDOWS\SYSTEM32\UMPDC.dll
0x00007ffbfe5a0000 - 0x00007ffbfe6cd000 	C:\WINDOWS\SYSTEM32\textinputframework.dll
0x00007ffc11ec0000 - 0x00007ffc11f96000 	C:\WINDOWS\System32\OLEAUT32.dll
0x00007ffc06e00000 - 0x00007ffc0716d000 	C:\WINDOWS\SYSTEM32\CoreUIComponents.dll
0x00007ffc00cd0000 - 0x00007ffc00d2d000 	C:\Users\alex\AppData\Local\Temp\lwjglalex\3.3.1-build-7\lwjgl_opengl.dll

dbghelp: loaded successfully - version: 4.0.5 - missing functions: none
symbol engine: initialized successfully - sym options: 0x614 - pdb path: .;C:\Program Files\AdoptOpenJDK\jdk-11.0.11.9-hotspot\bin;C:\WINDOWS\SYSTEM32;C:\WINDOWS\WinSxS\amd64_microsoft.windows.common-controls_6595b64144ccf1df_6.0.22000.120_none_9d947278b86cc467;C:\Program Files\AdoptOpenJDK\jdk-11.0.11.9-hotspot\bin\server;C:\Program Files\JetBrains\IntelliJ IDEA 2021.2.2\bin;C:\Users\alex\AppData\Local\Temp\lwjglalex\3.3.1-build-7;C:\WINDOWS\System32\DriverStore\FileRepository\iigd_dch.inf_amd64_4be767c332df1d04

VM Arguments:
jvm_args: -javaagent:C:\Program Files\JetBrains\IntelliJ IDEA 2021.2.2\lib\idea_rt.jar=62070:C:\Program Files\JetBrains\IntelliJ IDEA 2021.2.2\bin -Dfile.encoding=UTF-8 
java_command: projekt.Projekt
java_class_path (initial): C:\dev\HTW\CG\computer-graphics-excercise\out\production\computer-graphics-excercise;C:\dev\HTW\CG\computer-graphics-excercise\lib\lwjgl-glfw-natives-linux-arm32.jar;C:\dev\HTW\CG\computer-graphics-excercise\lib\lwjgl-glfw-natives-linux-arm64.jar;C:\dev\HTW\CG\computer-graphics-excercise\lib\lwjgl-glfw-natives-linux.jar;C:\dev\HTW\CG\computer-graphics-excercise\lib\lwjgl-glfw-natives-macos-arm64.jar;C:\dev\HTW\CG\computer-graphics-excercise\lib\lwjgl-glfw-natives-macos.jar;C:\dev\HTW\CG\computer-graphics-excercise\lib\lwjgl-glfw-natives-windows-arm64.jar;C:\dev\HTW\CG\computer-graphics-excercise\lib\lwjgl-glfw-natives-windows-x86.jar;C:\dev\HTW\CG\computer-graphics-excercise\lib\lwjgl-glfw-natives-windows.jar;C:\dev\HTW\CG\computer-graphics-excercise\lib\lwjgl-glfw.jar;C:\dev\HTW\CG\computer-graphics-excercise\lib\lwjgl-natives-linux-arm32.jar;C:\dev\HTW\CG\computer-graphics-excercise\lib\lwjgl-natives-linux-arm64.jar;C:\dev\HTW\CG\computer-graphics-excercise\lib\lwjgl-natives-linux.jar;C:\dev\HTW\CG\computer-graphics-excercise\lib\lwjgl-natives-macos-arm64.jar;C:\dev\HTW\CG\computer-graphics-excercise\lib\lwjgl-natives-macos.jar;C:\dev\HTW\CG\computer-graphics-excercise\lib\lwjgl-natives-windows-arm64.jar;C:\dev\HTW\CG\computer-graphics-excercise\lib\lwjgl-natives-windows-x86.jar;C:\dev\HTW\CG\computer-graphics-excercise\lib\lwjgl-natives-windows.jar;C:\dev\HTW\CG\computer-graphics-excercise\lib\lwjgl-opengl-natives-linux-arm32.jar;C:\dev\HTW\CG\computer-graphics-excercise\lib\lwjgl-opengl-natives-linux-arm64.jar;C:\dev\HTW\CG\computer-graphics-excercise\lib\lwjgl-opengl-natives-linux.jar;C:\dev\HTW\CG\computer-graphics-excercise\lib\lwjgl-opengl-natives-macos-arm64.jar;C:\dev\HTW\CG\computer-graphics-excercise\lib\lwjgl-opengl-natives-macos.jar;C:\dev\HTW\CG\computer-graphics-excercise\lib\lwjgl-opengl-natives-windows-arm64.jar;C:\dev\HTW\CG\computer-graphics-excercise\lib\lwjgl-opengl-natives-windows-x86.jar;C:\dev\HTW\CG\computer-gra
Launcher Type: SUN_STANDARD

[Global flags]
     intx CICompilerCount                          = 4                                         {product} {ergonomic}
     uint ConcGCThreads                            = 3                                         {product} {ergonomic}
     uint G1ConcRefinementThreads                  = 10                                        {product} {ergonomic}
   size_t G1HeapRegionSize                         = 1048576                                   {product} {ergonomic}
    uintx GCDrainStackTargetSize                   = 64                                        {product} {ergonomic}
   size_t InitialHeapSize                          = 264241152                                 {product} {ergonomic}
   size_t MarkStackSize                            = 4194304                                   {product} {ergonomic}
   size_t MaxHeapSize                              = 4225761280                                {product} {ergonomic}
   size_t MaxNewSize                               = 2535456768                                {product} {ergonomic}
   size_t MinHeapDeltaBytes                        = 1048576                                   {product} {ergonomic}
    uintx NonNMethodCodeHeapSize                   = 5836300                                {pd product} {ergonomic}
    uintx NonProfiledCodeHeapSize                  = 122910970                              {pd product} {ergonomic}
    uintx ProfiledCodeHeapSize                     = 122910970                              {pd product} {ergonomic}
    uintx ReservedCodeCacheSize                    = 251658240                              {pd product} {ergonomic}
     bool SegmentedCodeCache                       = true                                      {product} {ergonomic}
     bool UseCompressedClassPointers               = true                                 {lp64_product} {ergonomic}
     bool UseCompressedOops                        = true                                 {lp64_product} {ergonomic}
     bool UseG1GC                                  = true                                      {product} {ergonomic}
     bool UseLargePagesIndividualAllocation        = false                                  {pd product} {ergonomic}

Logging:
Log output configuration:
 #0: stdout all=warning uptime,level,tags
 #1: stderr all=off uptime,level,tags

Environment Variables:
PATH=C:\Program Files (x86)\Common Files\Intel\Shared Libraries\redist\intel64\compiler;C:\Program Files\AdoptOpenJDK\jdk-11.0.11.9-hotspot\bin;C:\ProgramData\DockerDesktop\version-bin;C:\Program Files\Docker\Docker\Resources\bin;C:\Program Files (x86)\Common Files\Oracle\Java\javapath;C:\Windows\system32;C:\Windows;C:\Windows\System32\Wbem;C:\Windows\System32\WindowsPowerShell\v1.0\;C:\Windows\System32\OpenSSH\;C:\Program Files\Git\cmd;C:\Program Files\PuTTY\;C:\Program Files (x86)\Yarn\bin\;C:\WINDOWS\system32;C:\WINDOWS;C:\WINDOWS\System32\Wbem;C:\WINDOWS\System32\WindowsPowerShell\v1.0\;C:\WINDOWS\System32\OpenSSH\;C:\Program Files\dotnet\;C:\Program Files\NVIDIA Corporation\NVIDIA NvDLISR;C:\Program Files\nodejs\;C:\Users\alex\AppData\Local\Programs\Python\Python38-32\Scripts\;C:\Users\alex\AppData\Local\Programs\Python\Python38-32\;C:\Users\alex\AppData\Local\Microsoft\WindowsApps;C:\Users\alex\AppData\Local\Programs\Microsoft VS Code\bin;C:\Users\alex\AppData\Local\Yarn\bin;C:\Program Files\JetBrains\IntelliJ IDEA 2021.2.2\bin;C:\Program Files\whois;C:\Users\alex\.dotnet\tools;C:\Users\alex\AppData\Roaming\npm
USERNAME=alex
OS=Windows_NT
PROCESSOR_IDENTIFIER=Intel64 Family 6 Model 158 Stepping 10, GenuineIntel



---------------  S Y S T E M  ---------------

OS: Windows 10 , 64 bit Build 22000 (10.0.22000.708)
OS uptime: 3 days 23:06 hours
Hyper-V role detected

CPU:total 12 (initial active 12) (6 cores per cpu, 2 threads per core) family 6 model 158 stepping 10 microcode 0xde, cmov, cx8, fxsr, mmx, sse, sse2, sse3, ssse3, sse4.1, sse4.2, popcnt, avx, avx2, aes, clmul, erms, 3dnowpref, lzcnt, ht, tsc, tscinvbit, bmi1, bmi2, adx, fma

Memory: 4k page, system-wide physical 16118M (2712M free)
TotalPageFile size 30454M (AvailPageFile size 9000M)
current process WorkingSet (physical memory assigned to process): 128M, peak: 129M
current process commit charge ("private bytes"): 385M, peak: 386M

vm_info: OpenJDK 64-Bit Server VM (11.0.11+9) for windows-amd64 JRE (11.0.11+9), built on Apr 20 2021 21:22:09 by "" with MS VC++ 15.9 (VS2017)

END.
